[ 2015-09-06T11:38:31+08:00 ] ::1 /stuface/Public/jquery/jquery.min.js
INFO: [ app_init ] --START--
INFO: Run Behavior\BuildLiteBehavior [ RunTime:0.000023s ]
INFO: [ app_init ] --END-- [ RunTime:0.000414s ]
INFO: [ app_begin ] --START--
INFO: Run Behavior\ReadHtmlCacheBehavior [ RunTime:0.000564s ]
INFO: [ app_begin ] --END-- [ RunTime:0.000685s ]
ERR: 无法加载控制器:Public

[ 2015-09-06T11:38:39+08:00 ] ::1 /stuface/Public/jquery/jquery.min.js
INFO: [ app_init ] --START--
INFO: Run Behavior\BuildLiteBehavior [ RunTime:0.000037s ]
INFO: [ app_init ] --END-- [ RunTime:0.000566s ]
INFO: [ app_begin ] --START--
INFO: Run Behavior\ReadHtmlCacheBehavior [ RunTime:0.001126s ]
INFO: [ app_begin ] --END-- [ RunTime:0.001450s ]
ERR: 无法加载控制器:Public

[ 2015-09-06T11:38:44+08:00 ] ::1 /stuface/Public/jquery/jquery.min.js
INFO: [ app_init ] --START--
INFO: Run Behavior\BuildLiteBehavior [ RunTime:0.000026s ]
INFO: [ app_init ] --END-- [ RunTime:0.000493s ]
INFO: [ app_begin ] --START--
INFO: Run Behavior\ReadHtmlCacheBehavior [ RunTime:0.000633s ]
INFO: [ app_begin ] --END-- [ RunTime:0.000850s ]
ERR: 无法加载控制器:Public

[ 2015-09-06T11:38:46+08:00 ] ::1 /stuface/Public/jquery/jquery.min.js
INFO: [ app_init ] --START--
INFO: Run Behavior\BuildLiteBehavior [ RunTime:0.000073s ]
INFO: [ app_init ] --END-- [ RunTime:0.000847s ]
INFO: [ app_begin ] --START--
INFO: Run Behavior\ReadHtmlCacheBehavior [ RunTime:0.001420s ]
INFO: [ app_begin ] --END-- [ RunTime:0.001620s ]
ERR: 无法加载控制器:Public

[ 2015-09-06T11:38:47+08:00 ] ::1 /stuface/Public/jquery/jquery.min.js
INFO: [ app_init ] --START--
INFO: Run Behavior\BuildLiteBehavior [ RunTime:0.000027s ]
INFO: [ app_init ] --END-- [ RunTime:0.000457s ]
INFO: [ app_begin ] --START--
INFO: Run Behavior\ReadHtmlCacheBehavior [ RunTime:0.002085s ]
INFO: [ app_begin ] --END-- [ RunTime:0.002519s ]
ERR: 无法加载控制器:Public

[ 2015-09-06T11:38:52+08:00 ] ::1 /stuface/Public/jquery/jquery.min.js
INFO: [ app_init ] --START--
INFO: Run Behavior\BuildLiteBehavior [ RunTime:0.000034s ]
INFO: [ app_init ] --END-- [ RunTime:0.000594s ]
INFO: [ app_begin ] --START--
INFO: Run Behavior\ReadHtmlCacheBehavior [ RunTime:0.000695s ]
INFO: [ app_begin ] --END-- [ RunTime:0.000973s ]
ERR: 无法加载控制器:Public

[ 2015-09-06T11:39:34+08:00 ] ::1 /stuface/Public/jquery/jquery.min.js
INFO: [ app_init ] --START--
INFO: Run Behavior\BuildLiteBehavior [ RunTime:0.000027s ]
INFO: [ app_init ] --END-- [ RunTime:0.000418s ]
INFO: [ app_begin ] --START--
INFO: Run Behavior\ReadHtmlCacheBehavior [ RunTime:0.000635s ]
INFO: [ app_begin ] --END-- [ RunTime:0.000773s ]
ERR: 无法加载控制器:Public

[ 2015-09-06T11:39:36+08:00 ] ::1 /stuface/Public/jquery/jquery.min.js
INFO: [ app_init ] --START--
INFO: Run Behavior\BuildLiteBehavior [ RunTime:0.000025s ]
INFO: [ app_init ] --END-- [ RunTime:0.000392s ]
INFO: [ app_begin ] --START--
INFO: Run Behavior\ReadHtmlCacheBehavior [ RunTime:0.000453s ]
INFO: [ app_begin ] --END-- [ RunTime:0.000565s ]
ERR: 无法加载控制器:Public

[ 2015-09-06T11:39:40+08:00 ] ::1 /stuface/Public/jquery/jquery.min.js
INFO: [ app_init ] --START--
INFO: Run Behavior\BuildLiteBehavior [ RunTime:0.000039s ]
INFO: [ app_init ] --END-- [ RunTime:0.000644s ]
INFO: [ app_begin ] --START--
INFO: Run Behavior\ReadHtmlCacheBehavior [ RunTime:0.000594s ]
INFO: [ app_begin ] --END-- [ RunTime:0.000734s ]
ERR: 无法加载控制器:Public

[ 2015-09-06T11:39:40+08:00 ] ::1 /stuface/Public/jquery/jquery.min.js
INFO: [ app_init ] --START--
INFO: Run Behavior\BuildLiteBehavior [ RunTime:0.000026s ]
INFO: [ app_init ] --END-- [ RunTime:0.000481s ]
INFO: [ app_begin ] --START--
INFO: Run Behavior\ReadHtmlCacheBehavior [ RunTime:0.000484s ]
INFO: [ app_begin ] --END-- [ RunTime:0.000592s ]
ERR: 无法加载控制器:Public

[ 2015-09-06T11:39:42+08:00 ] ::1 /stuface/Public/jquery/jquery.min.js
INFO: [ app_init ] --START--
INFO: Run Behavior\BuildLiteBehavior [ RunTime:0.000026s ]
INFO: [ app_init ] --END-- [ RunTime:0.000400s ]
INFO: [ app_begin ] --START--
INFO: Run Behavior\ReadHtmlCacheBehavior [ RunTime:0.000461s ]
INFO: [ app_begin ] --END-- [ RunTime:0.000584s ]
ERR: 无法加载控制器:Public

[ 2015-09-06T11:39:43+08:00 ] ::1 /stuface/Public/jquery/jquery.min.js
INFO: [ app_init ] --START--
INFO: Run Behavior\BuildLiteBehavior [ RunTime:0.000026s ]
INFO: [ app_init ] --END-- [ RunTime:0.000431s ]
INFO: [ app_begin ] --START--
INFO: Run Behavior\ReadHtmlCacheBehavior [ RunTime:0.000468s ]
INFO: [ app_begin ] --END-- [ RunTime:0.000578s ]
ERR: 无法加载控制器:Public

[ 2015-09-06T11:39:43+08:00 ] ::1 /stuface/Public/jquery/jquery.min.js
INFO: [ app_init ] --START--
INFO: Run Behavior\BuildLiteBehavior [ RunTime:0.000025s ]
INFO: [ app_init ] --END-- [ RunTime:0.000496s ]
INFO: [ app_begin ] --START--
INFO: Run Behavior\ReadHtmlCacheBehavior [ RunTime:0.000566s ]
INFO: [ app_begin ] --END-- [ RunTime:0.000675s ]
ERR: 无法加载控制器:Public

[ 2015-09-06T11:39:48+08:00 ] ::1 /stuface/index.php?m=Home&c=Index&a=index
INFO: [ app_init ] --START--
INFO: Run Behavior\BuildLiteBehavior [ RunTime:0.000039s ]
INFO: [ app_init ] --END-- [ RunTime:0.000523s ]
INFO: [ app_begin ] --START--
INFO: Run Behavior\ReadHtmlCacheBehavior [ RunTime:0.000553s ]
INFO: [ app_begin ] --END-- [ RunTime:0.000681s ]
INFO: [ view_parse ] --START--
INFO: [ template_filter ] --START--
INFO: Run Behavior\ContentReplaceBehavior [ RunTime:0.000133s ]
INFO: [ template_filter ] --END-- [ RunTime:0.000234s ]
INFO: Run Behavior\ParseTemplateBehavior [ RunTime:0.008980s ]
INFO: [ view_parse ] --END-- [ RunTime:0.009082s ]
INFO: [ view_filter ] --START--
INFO: Run Behavior\WriteHtmlCacheBehavior [ RunTime:0.000326s ]
INFO: [ view_filter ] --END-- [ RunTime:0.000418s ]
INFO: [ app_end ] --START--
INFO: Run Behavior\ShowPageTraceBehavior [ RunTime:0.000489s ]
INFO: [ app_end ] --END-- [ RunTime:0.000587s ]

[ 2015-09-06T11:39:49+08:00 ] ::1 /stuface/index.php?m=&c=Index&a=checklog
INFO: [ app_init ] --START--
INFO: Run Behavior\BuildLiteBehavior [ RunTime:0.000042s ]
INFO: [ app_init ] --END-- [ RunTime:0.000619s ]
INFO: [ app_begin ] --START--
INFO: Run Behavior\ReadHtmlCacheBehavior [ RunTime:0.000851s ]
INFO: [ app_begin ] --END-- [ RunTime:0.001031s ]

[ 2015-09-06T11:39:51+08:00 ] ::1 /stuface/index.php?m=&c=Index&a=get_page&fetchpage=1
INFO: [ app_init ] --START--
INFO: Run Behavior\BuildLiteBehavior [ RunTime:0.000040s ]
INFO: [ app_init ] --END-- [ RunTime:0.000594s ]
INFO: [ app_begin ] --START--
INFO: Run Behavior\ReadHtmlCacheBehavior [ RunTime:0.000604s ]
INFO: [ app_begin ] --END-- [ RunTime:0.000723s ]
SQL: SHOW COLUMNS FROM `tbl_image` [ RunTime:0.8786s ]
SQL: SHOW COLUMNS FROM `tbl_image` [ RunTime:0.0024s ]
SQL: SELECT COUNT(id) AS tp_count FROM `tbl_image` WHERE `is_pass` = 1 LIMIT 1   [ RunTime:0.2703s ]

[ 2015-09-06T11:39:52+08:00 ] ::1 /stuface/index.php?m=&c=Index&a=get_pic
INFO: [ app_init ] --START--
INFO: Run Behavior\BuildLiteBehavior [ RunTime:0.000023s ]
INFO: [ app_init ] --END-- [ RunTime:0.000462s ]
INFO: [ app_begin ] --START--
INFO: Run Behavior\ReadHtmlCacheBehavior [ RunTime:0.000542s ]
INFO: [ app_begin ] --END-- [ RunTime:0.000625s ]
SQL: SHOW COLUMNS FROM `tbl_image` [ RunTime:0.0025s ]
SQL: SHOW COLUMNS FROM `tbl_image` [ RunTime:0.0023s ]
SQL: SELECT * FROM `tbl_image` WHERE `is_pass` = 1 LIMIT 0,12   [ RunTime:0.0249s ]

[ 2015-09-06T11:40:00+08:00 ] ::1 /stuface/index.php?m=&c=Index&a=get_pic
INFO: [ app_init ] --START--
INFO: Run Behavior\BuildLiteBehavior [ RunTime:0.000025s ]
INFO: [ app_init ] --END-- [ RunTime:0.000521s ]
INFO: [ app_begin ] --START--
INFO: Run Behavior\ReadHtmlCacheBehavior [ RunTime:0.000635s ]
INFO: [ app_begin ] --END-- [ RunTime:0.000768s ]
SQL: SHOW COLUMNS FROM `tbl_image` [ RunTime:0.0022s ]
SQL: SHOW COLUMNS FROM `tbl_image` [ RunTime:0.0021s ]
SQL: SELECT * FROM `tbl_image` WHERE `is_pass` = 1 LIMIT 12,12   [ RunTime:0.0003s ]

[ 2015-09-06T11:40:01+08:00 ] ::1 /stuface/index.php?m=&c=Index&a=get_pic
INFO: [ app_init ] --START--
INFO: Run Behavior\BuildLiteBehavior [ RunTime:0.000036s ]
INFO: [ app_init ] --END-- [ RunTime:0.000575s ]
INFO: [ app_begin ] --START--
INFO: Run Behavior\ReadHtmlCacheBehavior [ RunTime:0.001375s ]
INFO: [ app_begin ] --END-- [ RunTime:0.001587s ]
SQL: SHOW COLUMNS FROM `tbl_image` [ RunTime:0.0025s ]
SQL: SHOW COLUMNS FROM `tbl_image` [ RunTime:0.0026s ]
SQL: SELECT * FROM `tbl_image` WHERE `is_pass` = 1 LIMIT 24,12   [ RunTime:0.0004s ]

[ 2015-09-06T11:40:03+08:00 ] ::1 /stuface/index.php?m=&c=Index&a=get_pic
INFO: [ app_init ] --START--
INFO: Run Behavior\BuildLiteBehavior [ RunTime:0.000024s ]
INFO: [ app_init ] --END-- [ RunTime:0.000463s ]
INFO: [ app_begin ] --START--
INFO: Run Behavior\ReadHtmlCacheBehavior [ RunTime:0.000530s ]
INFO: [ app_begin ] --END-- [ RunTime:0.000615s ]
SQL: SHOW COLUMNS FROM `tbl_image` [ RunTime:0.0024s ]
SQL: SHOW COLUMNS FROM `tbl_image` [ RunTime:0.0026s ]
SQL: SELECT * FROM `tbl_image` WHERE `is_pass` = 1 LIMIT 12,12   [ RunTime:0.0004s ]

[ 2015-09-06T11:40:05+08:00 ] ::1 /stuface/index.php?m=&c=Index&a=get_pic
INFO: [ app_init ] --START--
INFO: Run Behavior\BuildLiteBehavior [ RunTime:0.000025s ]
INFO: [ app_init ] --END-- [ RunTime:0.000510s ]
INFO: [ app_begin ] --START--
INFO: Run Behavior\ReadHtmlCacheBehavior [ RunTime:0.000525s ]
INFO: [ app_begin ] --END-- [ RunTime:0.000610s ]
SQL: SHOW COLUMNS FROM `tbl_image` [ RunTime:0.0024s ]
SQL: SHOW COLUMNS FROM `tbl_image` [ RunTime:0.0023s ]
SQL: SELECT * FROM `tbl_image` WHERE `is_pass` = 1 LIMIT 0,12   [ RunTime:0.0004s ]

[ 2015-09-06T11:40:08+08:00 ] ::1 /stuface/index.php?m=&c=Index&a=get_pic&limit=%E7%BB%BC%E5%90%88
INFO: [ app_init ] --START--
INFO: Run Behavior\BuildLiteBehavior [ RunTime:0.000023s ]
INFO: [ app_init ] --END-- [ RunTime:0.000451s ]
INFO: [ app_begin ] --START--
INFO: Run Behavior\ReadHtmlCacheBehavior [ RunTime:0.000532s ]
INFO: [ app_begin ] --END-- [ RunTime:0.000622s ]
SQL: SHOW COLUMNS FROM `tbl_image` [ RunTime:0.0026s ]
SQL: SHOW COLUMNS FROM `tbl_image` [ RunTime:0.0024s ]
SQL: SELECT * FROM `tbl_image` WHERE `is_pass` = 1 LIMIT 0,12   [ RunTime:0.0003s ]

[ 2015-09-06T11:40:09+08:00 ] ::1 /stuface/index.php?m=&c=Index&a=get_page&fetchpage=1
INFO: [ app_init ] --START--
INFO: Run Behavior\BuildLiteBehavior [ RunTime:0.000023s ]
INFO: [ app_init ] --END-- [ RunTime:0.000447s ]
INFO: [ app_begin ] --START--
INFO: Run Behavior\ReadHtmlCacheBehavior [ RunTime:0.000512s ]
INFO: [ app_begin ] --END-- [ RunTime:0.000601s ]
SQL: SHOW COLUMNS FROM `tbl_image` [ RunTime:0.0022s ]
SQL: SHOW COLUMNS FROM `tbl_image` [ RunTime:0.0025s ]
SQL: SELECT COUNT(id) AS tp_count FROM `tbl_image` WHERE `is_pass` = 1 LIMIT 1   [ RunTime:0.0002s ]

[ 2015-09-06T11:40:09+08:00 ] ::1 /stuface/index.php?m=&c=Index&a=get_pic
INFO: [ app_init ] --START--
INFO: Run Behavior\BuildLiteBehavior [ RunTime:0.000023s ]
INFO: [ app_init ] --END-- [ RunTime:0.000470s ]
INFO: [ app_begin ] --START--
INFO: Run Behavior\ReadHtmlCacheBehavior [ RunTime:0.000442s ]
INFO: [ app_begin ] --END-- [ RunTime:0.000526s ]
SQL: SHOW COLUMNS FROM `tbl_image` [ RunTime:0.0023s ]
SQL: SHOW COLUMNS FROM `tbl_image` [ RunTime:0.0022s ]
SQL: SELECT * FROM `tbl_image` WHERE `is_pass` = 1 LIMIT 0,12   [ RunTime:0.0003s ]

[ 2015-09-06T11:40:10+08:00 ] ::1 /stuface/index.php?m=&c=Index&a=get_pic&sex=%E5%85%A8%E9%83%A8
INFO: [ app_init ] --START--
INFO: Run Behavior\BuildLiteBehavior [ RunTime:0.000023s ]
INFO: [ app_init ] --END-- [ RunTime:0.000419s ]
INFO: [ app_begin ] --START--
INFO: Run Behavior\ReadHtmlCacheBehavior [ RunTime:0.000528s ]
INFO: [ app_begin ] --END-- [ RunTime:0.000617s ]
SQL: SHOW COLUMNS FROM `tbl_image` [ RunTime:0.0025s ]
SQL: SHOW COLUMNS FROM `tbl_image` [ RunTime:0.0029s ]
SQL: SELECT * FROM `tbl_image` WHERE `is_pass` = 1 LIMIT 0,12   [ RunTime:0.0008s ]

[ 2015-09-06T11:40:10+08:00 ] ::1 /stuface/index.php?m=&c=Index&a=get_page&fetchpage=1
INFO: [ app_init ] --START--
INFO: Run Behavior\BuildLiteBehavior [ RunTime:0.000025s ]
INFO: [ app_init ] --END-- [ RunTime:0.000395s ]
INFO: [ app_begin ] --START--
INFO: Run Behavior\ReadHtmlCacheBehavior [ RunTime:0.000567s ]
INFO: [ app_begin ] --END-- [ RunTime:0.000668s ]
SQL: SHOW COLUMNS FROM `tbl_image` [ RunTime:0.0026s ]
SQL: SHOW COLUMNS FROM `tbl_image` [ RunTime:0.0026s ]
SQL: SELECT COUNT(id) AS tp_count FROM `tbl_image` WHERE `is_pass` = 1 LIMIT 1   [ RunTime:0.0003s ]

[ 2015-09-06T11:40:10+08:00 ] ::1 /stuface/index.php?m=&c=Index&a=get_pic
INFO: [ app_init ] --START--
INFO: Run Behavior\BuildLiteBehavior [ RunTime:0.000024s ]
INFO: [ app_init ] --END-- [ RunTime:0.000394s ]
INFO: [ app_begin ] --START--
INFO: Run Behavior\ReadHtmlCacheBehavior [ RunTime:0.000456s ]
INFO: [ app_begin ] --END-- [ RunTime:0.000537s ]
SQL: SHOW COLUMNS FROM `tbl_image` [ RunTime:0.0022s ]
SQL: SHOW COLUMNS FROM `tbl_image` [ RunTime:0.0022s ]
SQL: SELECT * FROM `tbl_image` WHERE `is_pass` = 1 LIMIT 0,12   [ RunTime:0.0004s ]

[ 2015-09-06T11:40:11+08:00 ] ::1 /stuface/index.php?m=&c=Index&a=get_pic&limit=%E4%BA%BA%E6%B0%94
INFO: [ app_init ] --START--
INFO: Run Behavior\BuildLiteBehavior [ RunTime:0.000025s ]
INFO: [ app_init ] --END-- [ RunTime:0.000389s ]
INFO: [ app_begin ] --START--
INFO: Run Behavior\ReadHtmlCacheBehavior [ RunTime:0.000452s ]
INFO: [ app_begin ] --END-- [ RunTime:0.000543s ]
SQL: SHOW COLUMNS FROM `tbl_image` [ RunTime:0.0028s ]
SQL: SHOW COLUMNS FROM `tbl_image` [ RunTime:0.0034s ]
SQL: SELECT * FROM `tbl_image` WHERE `is_pass` = 1 ORDER BY vote desc LIMIT 0,12   [ RunTime:0.0796s ]

[ 2015-09-06T11:40:11+08:00 ] ::1 /stuface/index.php?m=&c=Index&a=get_page&fetchpage=1
INFO: [ app_init ] --START--
INFO: Run Behavior\BuildLiteBehavior [ RunTime:0.000023s ]
INFO: [ app_init ] --END-- [ RunTime:0.000408s ]
INFO: [ app_begin ] --START--
INFO: Run Behavior\ReadHtmlCacheBehavior [ RunTime:0.000588s ]
INFO: [ app_begin ] --END-- [ RunTime:0.000718s ]
SQL: SHOW COLUMNS FROM `tbl_image` [ RunTime:0.0024s ]
SQL: SHOW COLUMNS FROM `tbl_image` [ RunTime:0.0044s ]
SQL: SELECT COUNT(id) AS tp_count FROM `tbl_image` WHERE `is_pass` = 1 ORDER BY vote desc LIMIT 1   [ RunTime:0.0003s ]

[ 2015-09-06T11:40:11+08:00 ] ::1 /stuface/index.php?m=&c=Index&a=get_pic
INFO: [ app_init ] --START--
INFO: Run Behavior\BuildLiteBehavior [ RunTime:0.000023s ]
INFO: [ app_init ] --END-- [ RunTime:0.000386s ]
INFO: [ app_begin ] --START--
INFO: Run Behavior\ReadHtmlCacheBehavior [ RunTime:0.000537s ]
INFO: [ app_begin ] --END-- [ RunTime:0.000630s ]
SQL: SHOW COLUMNS FROM `tbl_image` [ RunTime:0.0023s ]
SQL: SHOW COLUMNS FROM `tbl_image` [ RunTime:0.0025s ]
SQL: SELECT * FROM `tbl_image` WHERE `is_pass` = 1 ORDER BY vote desc LIMIT 0,12   [ RunTime:0.0003s ]

[ 2015-09-06T11:40:12+08:00 ] ::1 /stuface/index.php?m=&c=Index&a=get_pic&sex=%E6%B1%89%E5%AD%90
INFO: [ app_init ] --START--
INFO: Run Behavior\BuildLiteBehavior [ RunTime:0.000024s ]
INFO: [ app_init ] --END-- [ RunTime:0.000494s ]
INFO: [ app_begin ] --START--
INFO: Run Behavior\ReadHtmlCacheBehavior [ RunTime:0.000513s ]
INFO: [ app_begin ] --END-- [ RunTime:0.000603s ]
SQL: SHOW COLUMNS FROM `tbl_image` [ RunTime:0.0025s ]
SQL: SHOW COLUMNS FROM `tbl_image` [ RunTime:0.0053s ]
SQL: SELECT * FROM `tbl_image` WHERE `sex` = '男' AND `is_pass` = 1 ORDER BY vote desc LIMIT 0,12   [ RunTime:0.0024s ]

[ 2015-09-06T11:40:12+08:00 ] ::1 /stuface/index.php?m=&c=Index&a=get_page&fetchpage=1
INFO: [ app_init ] --START--
INFO: Run Behavior\BuildLiteBehavior [ RunTime:0.000073s ]
INFO: [ app_init ] --END-- [ RunTime:0.001385s ]
INFO: [ app_begin ] --START--
INFO: Run Behavior\ReadHtmlCacheBehavior [ RunTime:0.000463s ]
INFO: [ app_begin ] --END-- [ RunTime:0.000564s ]
SQL: SHOW COLUMNS FROM `tbl_image` [ RunTime:0.0022s ]
SQL: SHOW COLUMNS FROM `tbl_image` [ RunTime:0.0027s ]
SQL: SELECT COUNT(id) AS tp_count FROM `tbl_image` WHERE `sex` = '男' AND `is_pass` = 1 ORDER BY vote desc LIMIT 1   [ RunTime:0.0003s ]

[ 2015-09-06T11:40:12+08:00 ] ::1 /stuface/index.php?m=&c=Index&a=get_pic
INFO: [ app_init ] --START--
INFO: Run Behavior\BuildLiteBehavior [ RunTime:0.000033s ]
INFO: [ app_init ] --END-- [ RunTime:0.000580s ]
INFO: [ app_begin ] --START--
INFO: Run Behavior\ReadHtmlCacheBehavior [ RunTime:0.000523s ]
INFO: [ app_begin ] --END-- [ RunTime:0.000619s ]
SQL: SHOW COLUMNS FROM `tbl_image` [ RunTime:0.0037s ]
SQL: SHOW COLUMNS FROM `tbl_image` [ RunTime:0.0042s ]
SQL: SELECT * FROM `tbl_image` WHERE `sex` = '男' AND `is_pass` = 1 ORDER BY vote desc LIMIT 0,12   [ RunTime:0.0010s ]

[ 2015-09-06T11:40:14+08:00 ] ::1 /stuface/index.php?m=&c=Index&a=get_pic&sex=%E5%A6%B9%E5%AD%90
INFO: [ app_init ] --START--
INFO: Run Behavior\BuildLiteBehavior [ RunTime:0.000025s ]
INFO: [ app_init ] --END-- [ RunTime:0.000483s ]
INFO: [ app_begin ] --START--
INFO: Run Behavior\ReadHtmlCacheBehavior [ RunTime:0.000585s ]
INFO: [ app_begin ] --END-- [ RunTime:0.000697s ]
SQL: SHOW COLUMNS FROM `tbl_image` [ RunTime:0.0024s ]
SQL: SHOW COLUMNS FROM `tbl_image` [ RunTime:0.0022s ]
SQL: SELECT * FROM `tbl_image` WHERE `sex` = '女' AND `is_pass` = 1 ORDER BY vote desc LIMIT 0,12   [ RunTime:0.0004s ]

[ 2015-09-06T11:40:14+08:00 ] ::1 /stuface/index.php?m=&c=Index&a=get_page&fetchpage=1
INFO: [ app_init ] --START--
INFO: Run Behavior\BuildLiteBehavior [ RunTime:0.000031s ]
INFO: [ app_init ] --END-- [ RunTime:0.000428s ]
INFO: [ app_begin ] --START--
INFO: Run Behavior\ReadHtmlCacheBehavior [ RunTime:0.000531s ]
INFO: [ app_begin ] --END-- [ RunTime:0.000620s ]
SQL: SHOW COLUMNS FROM `tbl_image` [ RunTime:0.0024s ]
SQL: SHOW COLUMNS FROM `tbl_image` [ RunTime:0.0023s ]
SQL: SELECT COUNT(id) AS tp_count FROM `tbl_image` WHERE `sex` = '女' AND `is_pass` = 1 ORDER BY vote desc LIMIT 1   [ RunTime:0.0003s ]

[ 2015-09-06T11:40:14+08:00 ] ::1 /stuface/index.php?m=&c=Index&a=get_pic
INFO: [ app_init ] --START--
INFO: Run Behavior\BuildLiteBehavior [ RunTime:0.000043s ]
INFO: [ app_init ] --END-- [ RunTime:0.000660s ]
INFO: [ app_begin ] --START--
INFO: Run Behavior\ReadHtmlCacheBehavior [ RunTime:0.001390s ]
INFO: [ app_begin ] --END-- [ RunTime:0.001527s ]
SQL: SHOW COLUMNS FROM `tbl_image` [ RunTime:0.0029s ]
SQL: SHOW COLUMNS FROM `tbl_image` [ RunTime:0.0023s ]
SQL: SELECT * FROM `tbl_image` WHERE `sex` = '女' AND `is_pass` = 1 ORDER BY vote desc LIMIT 0,12   [ RunTime:0.0003s ]

[ 2015-09-06T11:41:01+08:00 ] ::1 /stuface/index.php?m=&c=Index&a=get_pic&sex=%E5%85%A8%E9%83%A8
INFO: [ app_init ] --START--
INFO: Run Behavior\BuildLiteBehavior [ RunTime:0.000024s ]
INFO: [ app_init ] --END-- [ RunTime:0.000445s ]
INFO: [ app_begin ] --START--
INFO: Run Behavior\ReadHtmlCacheBehavior [ RunTime:0.001041s ]
INFO: [ app_begin ] --END-- [ RunTime:0.001637s ]
SQL: SHOW COLUMNS FROM `tbl_image` [ RunTime:0.0077s ]
SQL: SHOW COLUMNS FROM `tbl_image` [ RunTime:0.0024s ]
SQL: SELECT * FROM `tbl_image` WHERE `is_pass` = 1 ORDER BY vote desc LIMIT 0,12   [ RunTime:0.0004s ]

[ 2015-09-06T11:41:01+08:00 ] ::1 /stuface/index.php?m=&c=Index&a=get_page&fetchpage=1
INFO: [ app_init ] --START--
INFO: Run Behavior\BuildLiteBehavior [ RunTime:0.000024s ]
INFO: [ app_init ] --END-- [ RunTime:0.000392s ]
INFO: [ app_begin ] --START--
INFO: Run Behavior\ReadHtmlCacheBehavior [ RunTime:0.000462s ]
INFO: [ app_begin ] --END-- [ RunTime:0.000557s ]
SQL: SHOW COLUMNS FROM `tbl_image` [ RunTime:0.0023s ]
SQL: SHOW COLUMNS FROM `tbl_image` [ RunTime:0.0046s ]
SQL: SELECT COUNT(id) AS tp_count FROM `tbl_image` WHERE `is_pass` = 1 ORDER BY vote desc LIMIT 1   [ RunTime:0.0003s ]

[ 2015-09-06T11:41:01+08:00 ] ::1 /stuface/index.php?m=&c=Index&a=get_pic
INFO: [ app_init ] --START--
INFO: Run Behavior\BuildLiteBehavior [ RunTime:0.000023s ]
INFO: [ app_init ] --END-- [ RunTime:0.000374s ]
INFO: [ app_begin ] --START--
INFO: Run Behavior\ReadHtmlCacheBehavior [ RunTime:0.000472s ]
INFO: [ app_begin ] --END-- [ RunTime:0.000572s ]
SQL: SHOW COLUMNS FROM `tbl_image` [ RunTime:0.0024s ]
SQL: SHOW COLUMNS FROM `tbl_image` [ RunTime:0.0021s ]
SQL: SELECT * FROM `tbl_image` WHERE `is_pass` = 1 ORDER BY vote desc LIMIT 0,12   [ RunTime:0.0003s ]

[ 2015-09-06T11:41:02+08:00 ] ::1 /stuface/index.php?m=&c=Index&a=get_pic&limit=%E7%BB%BC%E5%90%88
INFO: [ app_init ] --START--
INFO: Run Behavior\BuildLiteBehavior [ RunTime:0.000027s ]
INFO: [ app_init ] --END-- [ RunTime:0.000518s ]
INFO: [ app_begin ] --START--
INFO: Run Behavior\ReadHtmlCacheBehavior [ RunTime:0.000554s ]
INFO: [ app_begin ] --END-- [ RunTime:0.000680s ]
SQL: SHOW COLUMNS FROM `tbl_image` [ RunTime:0.0023s ]
SQL: SHOW COLUMNS FROM `tbl_image` [ RunTime:0.0028s ]
SQL: SELECT * FROM `tbl_image` WHERE `is_pass` = 1 LIMIT 0,12   [ RunTime:0.0008s ]

[ 2015-09-06T11:41:02+08:00 ] ::1 /stuface/index.php?m=&c=Index&a=get_page&fetchpage=1
INFO: [ app_init ] --START--
INFO: Run Behavior\BuildLiteBehavior [ RunTime:0.000024s ]
INFO: [ app_init ] --END-- [ RunTime:0.000387s ]
INFO: [ app_begin ] --START--
INFO: Run Behavior\ReadHtmlCacheBehavior [ RunTime:0.000478s ]
INFO: [ app_begin ] --END-- [ RunTime:0.000573s ]
SQL: SHOW COLUMNS FROM `tbl_image` [ RunTime:0.0025s ]
SQL: SHOW COLUMNS FROM `tbl_image` [ RunTime:0.0097s ]
SQL: SELECT COUNT(id) AS tp_count FROM `tbl_image` WHERE `is_pass` = 1 LIMIT 1   [ RunTime:0.0003s ]

[ 2015-09-06T11:41:02+08:00 ] ::1 /stuface/index.php?m=&c=Index&a=get_pic
INFO: [ app_init ] --START--
INFO: Run Behavior\BuildLiteBehavior [ RunTime:0.000040s ]
INFO: [ app_init ] --END-- [ RunTime:0.000574s ]
INFO: [ app_begin ] --START--
INFO: Run Behavior\ReadHtmlCacheBehavior [ RunTime:0.000582s ]
INFO: [ app_begin ] --END-- [ RunTime:0.000696s ]
SQL: SHOW COLUMNS FROM `tbl_image` [ RunTime:0.0078s ]
SQL: SHOW COLUMNS FROM `tbl_image` [ RunTime:0.0021s ]
SQL: SELECT * FROM `tbl_image` WHERE `is_pass` = 1 LIMIT 0,12   [ RunTime:0.0004s ]

[ 2015-09-06T11:41:07+08:00 ] ::1 /stuface/index.php?m=&c=Index&a=get_pic
INFO: [ app_init ] --START--
INFO: Run Behavior\BuildLiteBehavior [ RunTime:0.000114s ]
INFO: [ app_init ] --END-- [ RunTime:0.001676s ]
INFO: [ app_begin ] --START--
INFO: Run Behavior\ReadHtmlCacheBehavior [ RunTime:0.001344s ]
INFO: [ app_begin ] --END-- [ RunTime:0.001590s ]
SQL: SHOW COLUMNS FROM `tbl_image` [ RunTime:0.0038s ]
SQL: SHOW COLUMNS FROM `tbl_image` [ RunTime:0.0030s ]
SQL: SELECT * FROM `tbl_image` WHERE `is_pass` = 1 LIMIT 12,12   [ RunTime:0.0006s ]

[ 2015-09-06T11:41:07+08:00 ] ::1 /stuface/index.php?m=&c=Index&a=get_pic
INFO: [ app_init ] --START--
INFO: Run Behavior\BuildLiteBehavior [ RunTime:0.000044s ]
INFO: [ app_init ] --END-- [ RunTime:0.000652s ]
INFO: [ app_begin ] --START--
INFO: Run Behavior\ReadHtmlCacheBehavior [ RunTime:0.000738s ]
INFO: [ app_begin ] --END-- [ RunTime:0.000902s ]
SQL: SHOW COLUMNS FROM `tbl_image` [ RunTime:0.0049s ]
SQL: SHOW COLUMNS FROM `tbl_image` [ RunTime:0.0035s ]
SQL: SELECT * FROM `tbl_image` WHERE `is_pass` = 1 LIMIT 12,12   [ RunTime:0.0005s ]

[ 2015-09-06T11:41:07+08:00 ] ::1 /stuface/index.php?m=&c=Index&a=get_pic
INFO: [ app_init ] --START--
INFO: Run Behavior\BuildLiteBehavior [ RunTime:0.000038s ]
INFO: [ app_init ] --END-- [ RunTime:0.000704s ]
INFO: [ app_begin ] --START--
INFO: Run Behavior\ReadHtmlCacheBehavior [ RunTime:0.001878s ]
INFO: [ app_begin ] --END-- [ RunTime:0.020381s ]
SQL: SHOW COLUMNS FROM `tbl_image` [ RunTime:0.0023s ]
SQL: SHOW COLUMNS FROM `tbl_image` [ RunTime:0.0021s ]
SQL: SELECT * FROM `tbl_image` WHERE `is_pass` = 1 LIMIT 12,12   [ RunTime:0.0005s ]

[ 2015-09-06T11:41:07+08:00 ] ::1 /stuface/index.php?m=&c=Index&a=get_pic
INFO: [ app_init ] --START--
INFO: Run Behavior\BuildLiteBehavior [ RunTime:0.000087s ]
INFO: [ app_init ] --END-- [ RunTime:0.001495s ]
INFO: [ app_begin ] --START--
INFO: Run Behavior\ReadHtmlCacheBehavior [ RunTime:0.000752s ]
INFO: [ app_begin ] --END-- [ RunTime:0.000924s ]
SQL: SHOW COLUMNS FROM `tbl_image` [ RunTime:0.0025s ]
SQL: SHOW COLUMNS FROM `tbl_image` [ RunTime:0.0024s ]
SQL: SELECT * FROM `tbl_image` WHERE `is_pass` = 1 LIMIT 12,12   [ RunTime:0.0003s ]

[ 2015-09-06T11:41:07+08:00 ] ::1 /stuface/index.php?m=&c=Index&a=get_pic
INFO: [ app_init ] --START--
INFO: Run Behavior\BuildLiteBehavior [ RunTime:0.000046s ]
INFO: [ app_init ] --END-- [ RunTime:0.000661s ]
INFO: [ app_begin ] --START--
INFO: Run Behavior\ReadHtmlCacheBehavior [ RunTime:0.000841s ]
INFO: [ app_begin ] --END-- [ RunTime:0.001017s ]
SQL: SHOW COLUMNS FROM `tbl_image` [ RunTime:0.0055s ]
SQL: SHOW COLUMNS FROM `tbl_image` [ RunTime:0.0048s ]
SQL: SELECT * FROM `tbl_image` WHERE `is_pass` = 1 LIMIT 12,12   [ RunTime:0.0003s ]

[ 2015-09-06T11:41:07+08:00 ] ::1 /stuface/index.php?m=&c=Index&a=get_pic
INFO: [ app_init ] --START--
INFO: Run Behavior\BuildLiteBehavior [ RunTime:0.000044s ]
INFO: [ app_init ] --END-- [ RunTime:0.000690s ]
INFO: [ app_begin ] --START--
INFO: Run Behavior\ReadHtmlCacheBehavior [ RunTime:0.001339s ]
INFO: [ app_begin ] --END-- [ RunTime:0.001506s ]
SQL: SHOW COLUMNS FROM `tbl_image` [ RunTime:0.0090s ]
SQL: SHOW COLUMNS FROM `tbl_image` [ RunTime:0.0069s ]
SQL: SELECT * FROM `tbl_image` WHERE `is_pass` = 1 LIMIT 12,12   [ RunTime:0.0003s ]

[ 2015-09-06T11:41:07+08:00 ] ::1 /stuface/index.php?m=&c=Index&a=get_pic
INFO: [ app_init ] --START--
INFO: Run Behavior\BuildLiteBehavior [ RunTime:0.000100s ]
INFO: [ app_init ] --END-- [ RunTime:0.000843s ]
INFO: [ app_begin ] --START--
INFO: Run Behavior\ReadHtmlCacheBehavior [ RunTime:0.000925s ]
INFO: [ app_begin ] --END-- [ RunTime:0.001091s ]
SQL: SHOW COLUMNS FROM `tbl_image` [ RunTime:0.0044s ]
SQL: SHOW COLUMNS FROM `tbl_image` [ RunTime:0.0064s ]
SQL: SELECT * FROM `tbl_image` WHERE `is_pass` = 1 LIMIT 12,12   [ RunTime:0.0008s ]

[ 2015-09-06T11:41:07+08:00 ] ::1 /stuface/index.php?m=&c=Index&a=get_pic
INFO: [ app_init ] --START--
INFO: Run Behavior\BuildLiteBehavior [ RunTime:0.000035s ]
INFO: [ app_init ] --END-- [ RunTime:0.000487s ]
INFO: [ app_begin ] --START--
INFO: Run Behavior\ReadHtmlCacheBehavior [ RunTime:0.000553s ]
INFO: [ app_begin ] --END-- [ RunTime:0.000654s ]
SQL: SHOW COLUMNS FROM `tbl_image` [ RunTime:0.0022s ]
SQL: SHOW COLUMNS FROM `tbl_image` [ RunTime:0.0047s ]
SQL: SELECT * FROM `tbl_image` WHERE `is_pass` = 1 LIMIT 12,12   [ RunTime:0.0004s ]

[ 2015-09-06T11:41:08+08:00 ] ::1 /stuface/index.php?m=&c=Index&a=get_pic
INFO: [ app_init ] --START--
INFO: Run Behavior\BuildLiteBehavior [ RunTime:0.000041s ]
INFO: [ app_init ] --END-- [ RunTime:0.000732s ]
INFO: [ app_begin ] --START--
INFO: Run Behavior\ReadHtmlCacheBehavior [ RunTime:0.000721s ]
INFO: [ app_begin ] --END-- [ RunTime:0.000872s ]
SQL: SHOW COLUMNS FROM `tbl_image` [ RunTime:0.0037s ]
SQL: SHOW COLUMNS FROM `tbl_image` [ RunTime:0.0053s ]
SQL: SELECT * FROM `tbl_image` WHERE `is_pass` = 1 LIMIT 24,12   [ RunTime:0.0019s ]

[ 2015-09-06T11:41:08+08:00 ] ::1 /stuface/index.php?m=&c=Index&a=get_pic
INFO: [ app_init ] --START--
INFO: Run Behavior\BuildLiteBehavior [ RunTime:0.000039s ]
INFO: [ app_init ] --END-- [ RunTime:0.000612s ]
INFO: [ app_begin ] --START--
INFO: Run Behavior\ReadHtmlCacheBehavior [ RunTime:0.000699s ]
INFO: [ app_begin ] --END-- [ RunTime:0.000851s ]
SQL: SHOW COLUMNS FROM `tbl_image` [ RunTime:0.0050s ]
SQL: SHOW COLUMNS FROM `tbl_image` [ RunTime:0.0029s ]
SQL: SELECT * FROM `tbl_image` WHERE `is_pass` = 1 LIMIT 24,12   [ RunTime:0.0003s ]

[ 2015-09-06T11:41:08+08:00 ] ::1 /stuface/index.php?m=&c=Index&a=get_pic
INFO: [ app_init ] --START--
INFO: Run Behavior\BuildLiteBehavior [ RunTime:0.000050s ]
INFO: [ app_init ] --END-- [ RunTime:0.000626s ]
INFO: [ app_begin ] --START--
INFO: Run Behavior\ReadHtmlCacheBehavior [ RunTime:0.000753s ]
INFO: [ app_begin ] --END-- [ RunTime:0.000949s ]
SQL: SHOW COLUMNS FROM `tbl_image` [ RunTime:0.0055s ]
SQL: SHOW COLUMNS FROM `tbl_image` [ RunTime:0.0031s ]
SQL: SELECT * FROM `tbl_image` WHERE `is_pass` = 1 LIMIT 24,12   [ RunTime:0.0004s ]

[ 2015-09-06T11:41:08+08:00 ] ::1 /stuface/index.php?m=&c=Index&a=get_pic
INFO: [ app_init ] --START--
INFO: Run Behavior\BuildLiteBehavior [ RunTime:0.000092s ]
INFO: [ app_init ] --END-- [ RunTime:0.001020s ]
INFO: [ app_begin ] --START--
INFO: Run Behavior\ReadHtmlCacheBehavior [ RunTime:0.002076s ]
INFO: [ app_begin ] --END-- [ RunTime:0.002455s ]
SQL: SHOW COLUMNS FROM `tbl_image` [ RunTime:0.0097s ]
SQL: SHOW COLUMNS FROM `tbl_image` [ RunTime:0.0020s ]
SQL: SELECT * FROM `tbl_image` WHERE `is_pass` = 1 LIMIT 24,12   [ RunTime:0.0003s ]

[ 2015-09-06T11:41:08+08:00 ] ::1 /stuface/index.php?m=&c=Index&a=get_pic
INFO: [ app_init ] --START--
INFO: Run Behavior\BuildLiteBehavior [ RunTime:0.000039s ]
INFO: [ app_init ] --END-- [ RunTime:0.000606s ]
INFO: [ app_begin ] --START--
INFO: Run Behavior\ReadHtmlCacheBehavior [ RunTime:0.001093s ]
INFO: [ app_begin ] --END-- [ RunTime:0.001257s ]
SQL: SHOW COLUMNS FROM `tbl_image` [ RunTime:0.0047s ]
SQL: SHOW COLUMNS FROM `tbl_image` [ RunTime:0.0030s ]
SQL: SELECT * FROM `tbl_image` WHERE `is_pass` = 1 LIMIT 24,12   [ RunTime:0.0007s ]

[ 2015-09-06T11:41:08+08:00 ] ::1 /stuface/index.php?m=&c=Index&a=get_pic
INFO: [ app_init ] --START--
INFO: Run Behavior\BuildLiteBehavior [ RunTime:0.000040s ]
INFO: [ app_init ] --END-- [ RunTime:0.000603s ]
INFO: [ app_begin ] --START--
INFO: Run Behavior\ReadHtmlCacheBehavior [ RunTime:0.000809s ]
INFO: [ app_begin ] --END-- [ RunTime:0.000972s ]
SQL: SHOW COLUMNS FROM `tbl_image` [ RunTime:0.0022s ]
SQL: SHOW COLUMNS FROM `tbl_image` [ RunTime:0.0022s ]
SQL: SELECT * FROM `tbl_image` WHERE `is_pass` = 1 LIMIT 24,12   [ RunTime:0.0003s ]

[ 2015-09-06T11:41:08+08:00 ] ::1 /stuface/index.php?m=&c=Index&a=get_pic
INFO: [ app_init ] --START--
INFO: Run Behavior\BuildLiteBehavior [ RunTime:0.000044s ]
INFO: [ app_init ] --END-- [ RunTime:0.000699s ]
INFO: [ app_begin ] --START--
INFO: Run Behavior\ReadHtmlCacheBehavior [ RunTime:0.000695s ]
INFO: [ app_begin ] --END-- [ RunTime:0.000854s ]
SQL: SHOW COLUMNS FROM `tbl_image` [ RunTime:0.0058s ]
SQL: SHOW COLUMNS FROM `tbl_image` [ RunTime:0.0037s ]
SQL: SELECT * FROM `tbl_image` WHERE `is_pass` = 1 LIMIT 24,12   [ RunTime:0.0007s ]

[ 2015-09-06T11:41:08+08:00 ] ::1 /stuface/index.php?m=&c=Index&a=get_pic
INFO: [ app_init ] --START--
INFO: Run Behavior\BuildLiteBehavior [ RunTime:0.000041s ]
INFO: [ app_init ] --END-- [ RunTime:0.000644s ]
INFO: [ app_begin ] --START--
INFO: Run Behavior\ReadHtmlCacheBehavior [ RunTime:0.004676s ]
INFO: [ app_begin ] --END-- [ RunTime:0.004844s ]
SQL: SHOW COLUMNS FROM `tbl_image` [ RunTime:0.0044s ]
SQL: SHOW COLUMNS FROM `tbl_image` [ RunTime:0.0091s ]
SQL: SELECT * FROM `tbl_image` WHERE `is_pass` = 1 LIMIT 24,12   [ RunTime:0.0003s ]

[ 2015-09-06T11:41:17+08:00 ] ::1 /stuface/index.php?m=&c=Index&a=get_pic
INFO: [ app_init ] --START--
INFO: Run Behavior\BuildLiteBehavior [ RunTime:0.000041s ]
INFO: [ app_init ] --END-- [ RunTime:0.000619s ]
INFO: [ app_begin ] --START--
INFO: Run Behavior\ReadHtmlCacheBehavior [ RunTime:0.000693s ]
INFO: [ app_begin ] --END-- [ RunTime:0.000863s ]
SQL: SHOW COLUMNS FROM `tbl_image` [ RunTime:0.0033s ]
SQL: SHOW COLUMNS FROM `tbl_image` [ RunTime:0.0032s ]
SQL: SELECT * FROM `tbl_image` WHERE `is_pass` = 1 LIMIT 0,12   [ RunTime:0.0004s ]

[ 2015-09-06T11:41:17+08:00 ] ::1 /stuface/index.php?m=&c=Index&a=get_pic
INFO: [ app_init ] --START--
INFO: Run Behavior\BuildLiteBehavior [ RunTime:0.000049s ]
INFO: [ app_init ] --END-- [ RunTime:0.000651s ]
INFO: [ app_begin ] --START--
INFO: Run Behavior\ReadHtmlCacheBehavior [ RunTime:0.000675s ]
INFO: [ app_begin ] --END-- [ RunTime:0.000822s ]
SQL: SHOW COLUMNS FROM `tbl_image` [ RunTime:0.0057s ]
SQL: SHOW COLUMNS FROM `tbl_image` [ RunTime:0.0033s ]
SQL: SELECT * FROM `tbl_image` WHERE `is_pass` = 1 LIMIT 0,12   [ RunTime:0.0005s ]

[ 2015-09-06T11:41:17+08:00 ] ::1 /stuface/index.php?m=&c=Index&a=get_pic
INFO: [ app_init ] --START--
INFO: Run Behavior\BuildLiteBehavior [ RunTime:0.000042s ]
INFO: [ app_init ] --END-- [ RunTime:0.000586s ]
INFO: [ app_begin ] --START--
INFO: Run Behavior\ReadHtmlCacheBehavior [ RunTime:0.000676s ]
INFO: [ app_begin ] --END-- [ RunTime:0.000830s ]
SQL: SHOW COLUMNS FROM `tbl_image` [ RunTime:0.0041s ]
SQL: SHOW COLUMNS FROM `tbl_image` [ RunTime:0.0042s ]
SQL: SELECT * FROM `tbl_image` WHERE `is_pass` = 1 LIMIT 0,12   [ RunTime:0.0005s ]

[ 2015-09-06T11:41:17+08:00 ] ::1 /stuface/index.php?m=&c=Index&a=get_pic
INFO: [ app_init ] --START--
INFO: Run Behavior\BuildLiteBehavior [ RunTime:0.000040s ]
INFO: [ app_init ] --END-- [ RunTime:0.000692s ]
INFO: [ app_begin ] --START--
INFO: Run Behavior\ReadHtmlCacheBehavior [ RunTime:0.000684s ]
INFO: [ app_begin ] --END-- [ RunTime:0.000829s ]
SQL: SHOW COLUMNS FROM `tbl_image` [ RunTime:0.0039s ]
SQL: SHOW COLUMNS FROM `tbl_image` [ RunTime:0.0035s ]
SQL: SELECT * FROM `tbl_image` WHERE `is_pass` = 1 LIMIT 0,12   [ RunTime:0.0006s ]

[ 2015-09-06T11:41:17+08:00 ] ::1 /stuface/index.php?m=&c=Index&a=get_pic
INFO: [ app_init ] --START--
INFO: Run Behavior\BuildLiteBehavior [ RunTime:0.000037s ]
INFO: [ app_init ] --END-- [ RunTime:0.000617s ]
INFO: [ app_begin ] --START--
INFO: Run Behavior\ReadHtmlCacheBehavior [ RunTime:0.000729s ]
INFO: [ app_begin ] --END-- [ RunTime:0.000918s ]
SQL: SHOW COLUMNS FROM `tbl_image` [ RunTime:0.0042s ]
SQL: SHOW COLUMNS FROM `tbl_image` [ RunTime:0.0114s ]
SQL: SELECT * FROM `tbl_image` WHERE `is_pass` = 1 LIMIT 0,12   [ RunTime:0.0005s ]

[ 2015-09-06T11:41:17+08:00 ] ::1 /stuface/index.php?m=&c=Index&a=get_pic
INFO: [ app_init ] --START--
INFO: Run Behavior\BuildLiteBehavior [ RunTime:0.000042s ]
INFO: [ app_init ] --END-- [ RunTime:0.000627s ]
INFO: [ app_begin ] --START--
INFO: Run Behavior\ReadHtmlCacheBehavior [ RunTime:0.000968s ]
INFO: [ app_begin ] --END-- [ RunTime:0.001113s ]
SQL: SHOW COLUMNS FROM `tbl_image` [ RunTime:0.0037s ]
SQL: SHOW COLUMNS FROM `tbl_image` [ RunTime:0.0036s ]
SQL: SELECT * FROM `tbl_image` WHERE `is_pass` = 1 LIMIT 0,12   [ RunTime:0.0012s ]

[ 2015-09-06T11:41:17+08:00 ] ::1 /stuface/index.php?m=&c=Index&a=get_pic
INFO: [ app_init ] --START--
INFO: Run Behavior\BuildLiteBehavior [ RunTime:0.000042s ]
INFO: [ app_init ] --END-- [ RunTime:0.000627s ]
INFO: [ app_begin ] --START--
INFO: Run Behavior\ReadHtmlCacheBehavior [ RunTime:0.000724s ]
INFO: [ app_begin ] --END-- [ RunTime:0.000877s ]
SQL: SHOW COLUMNS FROM `tbl_image` [ RunTime:0.0035s ]
SQL: SHOW COLUMNS FROM `tbl_image` [ RunTime:0.0044s ]
SQL: SELECT * FROM `tbl_image` WHERE `is_pass` = 1 LIMIT 0,12   [ RunTime:0.0009s ]

[ 2015-09-06T11:41:17+08:00 ] ::1 /stuface/index.php?m=&c=Index&a=get_pic
INFO: [ app_init ] --START--
INFO: Run Behavior\BuildLiteBehavior [ RunTime:0.000041s ]
INFO: [ app_init ] --END-- [ RunTime:0.000707s ]
INFO: [ app_begin ] --START--
INFO: Run Behavior\ReadHtmlCacheBehavior [ RunTime:0.000928s ]
INFO: [ app_begin ] --END-- [ RunTime:0.001116s ]
SQL: SHOW COLUMNS FROM `tbl_image` [ RunTime:0.0035s ]
SQL: SHOW COLUMNS FROM `tbl_image` [ RunTime:0.0031s ]
SQL: SELECT * FROM `tbl_image` WHERE `is_pass` = 1 LIMIT 0,12   [ RunTime:0.0005s ]

[ 2015-09-06T11:56:16+08:00 ] ::1 /stuface/index.php?m=&c=Index&a=get_pic
INFO: [ app_init ] --START--
INFO: Run Behavior\BuildLiteBehavior [ RunTime:0.000024s ]
INFO: [ app_init ] --END-- [ RunTime:0.000424s ]
INFO: [ app_begin ] --START--
INFO: Run Behavior\ReadHtmlCacheBehavior [ RunTime:0.000948s ]
INFO: [ app_begin ] --END-- [ RunTime:0.001144s ]
SQL: SHOW COLUMNS FROM `tbl_image` [ RunTime:0.0025s ]
SQL: SHOW COLUMNS FROM `tbl_image` [ RunTime:0.0022s ]
SQL: SELECT * FROM `tbl_image` WHERE `is_pass` = 1 LIMIT 12,12   [ RunTime:0.0003s ]

[ 2015-09-06T11:56:16+08:00 ] ::1 /stuface/index.php?m=&c=Index&a=get_pic
INFO: [ app_init ] --START--
INFO: Run Behavior\BuildLiteBehavior [ RunTime:0.000038s ]
INFO: [ app_init ] --END-- [ RunTime:0.000606s ]
INFO: [ app_begin ] --START--
INFO: Run Behavior\ReadHtmlCacheBehavior [ RunTime:0.001023s ]
INFO: [ app_begin ] --END-- [ RunTime:0.001188s ]
SQL: SHOW COLUMNS FROM `tbl_image` [ RunTime:0.0076s ]
SQL: SHOW COLUMNS FROM `tbl_image` [ RunTime:0.0024s ]
SQL: SELECT * FROM `tbl_image` WHERE `is_pass` = 1 LIMIT 12,12   [ RunTime:0.0003s ]

[ 2015-09-06T11:56:16+08:00 ] ::1 /stuface/index.php?m=&c=Index&a=get_pic
INFO: [ app_init ] --START--
INFO: Run Behavior\BuildLiteBehavior [ RunTime:0.000041s ]
INFO: [ app_init ] --END-- [ RunTime:0.000671s ]
INFO: [ app_begin ] --START--
INFO: Run Behavior\ReadHtmlCacheBehavior [ RunTime:0.001010s ]
INFO: [ app_begin ] --END-- [ RunTime:0.001168s ]
SQL: SHOW COLUMNS FROM `tbl_image` [ RunTime:0.0033s ]
SQL: SHOW COLUMNS FROM `tbl_image` [ RunTime:0.0042s ]
SQL: SELECT * FROM `tbl_image` WHERE `is_pass` = 1 LIMIT 12,12   [ RunTime:0.0008s ]

[ 2015-09-06T11:56:16+08:00 ] ::1 /stuface/index.php?m=&c=Index&a=get_pic
INFO: [ app_init ] --START--
INFO: Run Behavior\BuildLiteBehavior [ RunTime:0.000039s ]
INFO: [ app_init ] --END-- [ RunTime:0.000638s ]
INFO: [ app_begin ] --START--
INFO: Run Behavior\ReadHtmlCacheBehavior [ RunTime:0.001224s ]
INFO: [ app_begin ] --END-- [ RunTime:0.001379s ]
SQL: SHOW COLUMNS FROM `tbl_image` [ RunTime:0.0042s ]
SQL: SHOW COLUMNS FROM `tbl_image` [ RunTime:0.0075s ]
SQL: SELECT * FROM `tbl_image` WHERE `is_pass` = 1 LIMIT 12,12   [ RunTime:0.0011s ]

[ 2015-09-06T11:56:16+08:00 ] ::1 /stuface/index.php?m=&c=Index&a=get_pic
INFO: [ app_init ] --START--
INFO: Run Behavior\BuildLiteBehavior [ RunTime:0.000048s ]
INFO: [ app_init ] --END-- [ RunTime:0.000667s ]
INFO: [ app_begin ] --START--
INFO: Run Behavior\ReadHtmlCacheBehavior [ RunTime:0.001654s ]
INFO: [ app_begin ] --END-- [ RunTime:0.001874s ]
SQL: SHOW COLUMNS FROM `tbl_image` [ RunTime:0.0042s ]
SQL: SHOW COLUMNS FROM `tbl_image` [ RunTime:0.0063s ]
SQL: SELECT * FROM `tbl_image` WHERE `is_pass` = 1 LIMIT 12,12   [ RunTime:0.0011s ]

[ 2015-09-06T11:56:16+08:00 ] ::1 /stuface/index.php?m=&c=Index&a=get_pic
INFO: [ app_init ] --START--
INFO: Run Behavior\BuildLiteBehavior [ RunTime:0.000044s ]
INFO: [ app_init ] --END-- [ RunTime:0.000658s ]
INFO: [ app_begin ] --START--
INFO: Run Behavior\ReadHtmlCacheBehavior [ RunTime:0.000656s ]
INFO: [ app_begin ] --END-- [ RunTime:0.000835s ]
SQL: SHOW COLUMNS FROM `tbl_image` [ RunTime:0.0040s ]
SQL: SHOW COLUMNS FROM `tbl_image` [ RunTime:0.0048s ]
SQL: SELECT * FROM `tbl_image` WHERE `is_pass` = 1 LIMIT 12,12   [ RunTime:0.0011s ]

[ 2015-09-06T11:56:16+08:00 ] ::1 /stuface/index.php?m=&c=Index&a=get_pic
INFO: [ app_init ] --START--
INFO: Run Behavior\BuildLiteBehavior [ RunTime:0.000030s ]
INFO: [ app_init ] --END-- [ RunTime:0.000529s ]
INFO: [ app_begin ] --START--
INFO: Run Behavior\ReadHtmlCacheBehavior [ RunTime:0.000488s ]
INFO: [ app_begin ] --END-- [ RunTime:0.000582s ]
SQL: SHOW COLUMNS FROM `tbl_image` [ RunTime:0.0072s ]
SQL: SHOW COLUMNS FROM `tbl_image` [ RunTime:0.0040s ]
SQL: SELECT * FROM `tbl_image` WHERE `is_pass` = 1 LIMIT 12,12   [ RunTime:0.0003s ]

[ 2015-09-06T11:56:16+08:00 ] ::1 /stuface/index.php?m=&c=Index&a=get_pic
INFO: [ app_init ] --START--
INFO: Run Behavior\BuildLiteBehavior [ RunTime:0.000051s ]
INFO: [ app_init ] --END-- [ RunTime:0.000843s ]
INFO: [ app_begin ] --START--
INFO: Run Behavior\ReadHtmlCacheBehavior [ RunTime:0.002606s ]
INFO: [ app_begin ] --END-- [ RunTime:0.002844s ]
SQL: SHOW COLUMNS FROM `tbl_image` [ RunTime:0.0032s ]
SQL: SHOW COLUMNS FROM `tbl_image` [ RunTime:0.0094s ]
SQL: SELECT * FROM `tbl_image` WHERE `is_pass` = 1 LIMIT 12,12   [ RunTime:0.0007s ]

[ 2015-09-06T11:56:17+08:00 ] ::1 /stuface/index.php?m=&c=Index&a=get_pic
INFO: [ app_init ] --START--
INFO: Run Behavior\BuildLiteBehavior [ RunTime:0.000062s ]
INFO: [ app_init ] --END-- [ RunTime:0.000651s ]
INFO: [ app_begin ] --START--
INFO: Run Behavior\ReadHtmlCacheBehavior [ RunTime:0.000708s ]
INFO: [ app_begin ] --END-- [ RunTime:0.000876s ]
SQL: SHOW COLUMNS FROM `tbl_image` [ RunTime:0.0033s ]
SQL: SHOW COLUMNS FROM `tbl_image` [ RunTime:0.0045s ]
SQL: SELECT * FROM `tbl_image` WHERE `is_pass` = 1 LIMIT 24,12   [ RunTime:0.0004s ]

[ 2015-09-06T11:56:17+08:00 ] ::1 /stuface/index.php?m=&c=Index&a=get_pic
INFO: [ app_init ] --START--
INFO: Run Behavior\BuildLiteBehavior [ RunTime:0.000041s ]
INFO: [ app_init ] --END-- [ RunTime:0.001130s ]
INFO: [ app_begin ] --START--
INFO: Run Behavior\ReadHtmlCacheBehavior [ RunTime:0.000719s ]
INFO: [ app_begin ] --END-- [ RunTime:0.000871s ]
SQL: SHOW COLUMNS FROM `tbl_image` [ RunTime:0.0025s ]
SQL: SHOW COLUMNS FROM `tbl_image` [ RunTime:0.0021s ]
SQL: SELECT * FROM `tbl_image` WHERE `is_pass` = 1 LIMIT 24,12   [ RunTime:0.0003s ]

[ 2015-09-06T11:56:17+08:00 ] ::1 /stuface/index.php?m=&c=Index&a=get_pic
INFO: [ app_init ] --START--
INFO: Run Behavior\BuildLiteBehavior [ RunTime:0.000041s ]
INFO: [ app_init ] --END-- [ RunTime:0.000594s ]
INFO: [ app_begin ] --START--
INFO: Run Behavior\ReadHtmlCacheBehavior [ RunTime:0.000727s ]
INFO: [ app_begin ] --END-- [ RunTime:0.000888s ]
SQL: SHOW COLUMNS FROM `tbl_image` [ RunTime:0.0082s ]
SQL: SHOW COLUMNS FROM `tbl_image` [ RunTime:0.0029s ]
SQL: SELECT * FROM `tbl_image` WHERE `is_pass` = 1 LIMIT 24,12   [ RunTime:0.0003s ]

[ 2015-09-06T11:56:17+08:00 ] ::1 /stuface/index.php?m=&c=Index&a=get_pic
INFO: [ app_init ] --START--
INFO: Run Behavior\BuildLiteBehavior [ RunTime:0.000041s ]
INFO: [ app_init ] --END-- [ RunTime:0.000656s ]
INFO: [ app_begin ] --START--
INFO: Run Behavior\ReadHtmlCacheBehavior [ RunTime:0.000688s ]
INFO: [ app_begin ] --END-- [ RunTime:0.000831s ]
SQL: SHOW COLUMNS FROM `tbl_image` [ RunTime:0.0036s ]
SQL: SHOW COLUMNS FROM `tbl_image` [ RunTime:0.0043s ]
SQL: SELECT * FROM `tbl_image` WHERE `is_pass` = 1 LIMIT 24,12   [ RunTime:0.0005s ]

[ 2015-09-06T11:56:17+08:00 ] ::1 /stuface/index.php?m=&c=Index&a=get_pic
INFO: [ app_init ] --START--
INFO: Run Behavior\BuildLiteBehavior [ RunTime:0.000047s ]
INFO: [ app_init ] --END-- [ RunTime:0.000739s ]
INFO: [ app_begin ] --START--
INFO: Run Behavior\ReadHtmlCacheBehavior [ RunTime:0.001216s ]
INFO: [ app_begin ] --END-- [ RunTime:0.001448s ]
SQL: SHOW COLUMNS FROM `tbl_image` [ RunTime:0.0045s ]
SQL: SHOW COLUMNS FROM `tbl_image` [ RunTime:0.0027s ]
SQL: SELECT * FROM `tbl_image` WHERE `is_pass` = 1 LIMIT 24,12   [ RunTime:0.0003s ]

[ 2015-09-06T11:56:17+08:00 ] ::1 /stuface/index.php?m=&c=Index&a=get_pic
INFO: [ app_init ] --START--
INFO: Run Behavior\BuildLiteBehavior [ RunTime:0.000044s ]
INFO: [ app_init ] --END-- [ RunTime:0.031945s ]
INFO: [ app_begin ] --START--
INFO: Run Behavior\ReadHtmlCacheBehavior [ RunTime:0.001585s ]
INFO: [ app_begin ] --END-- [ RunTime:0.001840s ]
SQL: SHOW COLUMNS FROM `tbl_image` [ RunTime:0.0032s ]
SQL: SHOW COLUMNS FROM `tbl_image` [ RunTime:0.0090s ]
SQL: SELECT * FROM `tbl_image` WHERE `is_pass` = 1 LIMIT 24,12   [ RunTime:0.0015s ]

[ 2015-09-06T11:56:17+08:00 ] ::1 /stuface/index.php?m=&c=Index&a=get_pic
INFO: [ app_init ] --START--
INFO: Run Behavior\BuildLiteBehavior [ RunTime:0.000112s ]
INFO: [ app_init ] --END-- [ RunTime:0.014664s ]
INFO: [ app_begin ] --START--
INFO: Run Behavior\ReadHtmlCacheBehavior [ RunTime:0.001146s ]
INFO: [ app_begin ] --END-- [ RunTime:0.001377s ]
SQL: SHOW COLUMNS FROM `tbl_image` [ RunTime:0.0023s ]
SQL: SHOW COLUMNS FROM `tbl_image` [ RunTime:0.0043s ]
SQL: SELECT * FROM `tbl_image` WHERE `is_pass` = 1 LIMIT 24,12   [ RunTime:0.0004s ]

[ 2015-09-06T11:56:17+08:00 ] ::1 /stuface/index.php?m=&c=Index&a=get_pic
INFO: [ app_init ] --START--
INFO: Run Behavior\BuildLiteBehavior [ RunTime:0.000037s ]
INFO: [ app_init ] --END-- [ RunTime:0.000566s ]
INFO: [ app_begin ] --START--
INFO: Run Behavior\ReadHtmlCacheBehavior [ RunTime:0.000567s ]
INFO: [ app_begin ] --END-- [ RunTime:0.000665s ]
SQL: SHOW COLUMNS FROM `tbl_image` [ RunTime:0.0042s ]
SQL: SHOW COLUMNS FROM `tbl_image` [ RunTime:0.0511s ]
SQL: SELECT * FROM `tbl_image` WHERE `is_pass` = 1 LIMIT 24,12   [ RunTime:0.0003s ]

[ 2015-09-06T11:56:20+08:00 ] ::1 /stuface/index.php?m=&c=Index&a=get_pic
INFO: [ app_init ] --START--
INFO: Run Behavior\BuildLiteBehavior [ RunTime:0.000040s ]
INFO: [ app_init ] --END-- [ RunTime:0.000662s ]
INFO: [ app_begin ] --START--
INFO: Run Behavior\ReadHtmlCacheBehavior [ RunTime:0.000704s ]
INFO: [ app_begin ] --END-- [ RunTime:0.000867s ]
SQL: SHOW COLUMNS FROM `tbl_image` [ RunTime:0.0035s ]
SQL: SHOW COLUMNS FROM `tbl_image` [ RunTime:0.0035s ]
SQL: SELECT * FROM `tbl_image` WHERE `is_pass` = 1 LIMIT 12,12   [ RunTime:0.0004s ]

[ 2015-09-06T11:56:20+08:00 ] ::1 /stuface/index.php?m=&c=Index&a=get_pic
INFO: [ app_init ] --START--
INFO: Run Behavior\BuildLiteBehavior [ RunTime:0.000042s ]
INFO: [ app_init ] --END-- [ RunTime:0.000585s ]
INFO: [ app_begin ] --START--
INFO: Run Behavior\ReadHtmlCacheBehavior [ RunTime:0.000729s ]
INFO: [ app_begin ] --END-- [ RunTime:0.000896s ]
SQL: SHOW COLUMNS FROM `tbl_image` [ RunTime:0.0044s ]
SQL: SHOW COLUMNS FROM `tbl_image` [ RunTime:0.0551s ]
SQL: SELECT * FROM `tbl_image` WHERE `is_pass` = 1 LIMIT 12,12   [ RunTime:0.0003s ]

[ 2015-09-06T11:56:20+08:00 ] ::1 /stuface/index.php?m=&c=Index&a=get_pic
INFO: [ app_init ] --START--
INFO: Run Behavior\BuildLiteBehavior [ RunTime:0.000043s ]
INFO: [ app_init ] --END-- [ RunTime:0.000610s ]
INFO: [ app_begin ] --START--
INFO: Run Behavior\ReadHtmlCacheBehavior [ RunTime:0.000679s ]
INFO: [ app_begin ] --END-- [ RunTime:0.000823s ]
SQL: SHOW COLUMNS FROM `tbl_image` [ RunTime:0.0034s ]
SQL: SHOW COLUMNS FROM `tbl_image` [ RunTime:0.0031s ]
SQL: SELECT * FROM `tbl_image` WHERE `is_pass` = 1 LIMIT 12,12   [ RunTime:0.0005s ]

[ 2015-09-06T11:56:20+08:00 ] ::1 /stuface/index.php?m=&c=Index&a=get_pic
INFO: [ app_init ] --START--
INFO: Run Behavior\BuildLiteBehavior [ RunTime:0.000043s ]
INFO: [ app_init ] --END-- [ RunTime:0.000621s ]
INFO: [ app_begin ] --START--
INFO: Run Behavior\ReadHtmlCacheBehavior [ RunTime:0.000705s ]
INFO: [ app_begin ] --END-- [ RunTime:0.000860s ]
SQL: SHOW COLUMNS FROM `tbl_image` [ RunTime:0.0037s ]
SQL: SHOW COLUMNS FROM `tbl_image` [ RunTime:0.0037s ]
SQL: SELECT * FROM `tbl_image` WHERE `is_pass` = 1 LIMIT 12,12   [ RunTime:0.0004s ]

[ 2015-09-06T11:56:20+08:00 ] ::1 /stuface/index.php?m=&c=Index&a=get_pic
INFO: [ app_init ] --START--
INFO: Run Behavior\BuildLiteBehavior [ RunTime:0.000046s ]
INFO: [ app_init ] --END-- [ RunTime:0.000609s ]
INFO: [ app_begin ] --START--
INFO: Run Behavior\ReadHtmlCacheBehavior [ RunTime:0.000676s ]
INFO: [ app_begin ] --END-- [ RunTime:0.000825s ]
SQL: SHOW COLUMNS FROM `tbl_image` [ RunTime:0.0041s ]
SQL: SHOW COLUMNS FROM `tbl_image` [ RunTime:0.0058s ]
SQL: SELECT * FROM `tbl_image` WHERE `is_pass` = 1 LIMIT 12,12   [ RunTime:0.0006s ]

[ 2015-09-06T11:56:20+08:00 ] ::1 /stuface/index.php?m=&c=Index&a=get_pic
INFO: [ app_init ] --START--
INFO: Run Behavior\BuildLiteBehavior [ RunTime:0.000042s ]
INFO: [ app_init ] --END-- [ RunTime:0.000642s ]
INFO: [ app_begin ] --START--
INFO: Run Behavior\ReadHtmlCacheBehavior [ RunTime:0.000721s ]
INFO: [ app_begin ] --END-- [ RunTime:0.000868s ]
SQL: SHOW COLUMNS FROM `tbl_image` [ RunTime:0.0063s ]
SQL: SHOW COLUMNS FROM `tbl_image` [ RunTime:0.0045s ]
SQL: SELECT * FROM `tbl_image` WHERE `is_pass` = 1 LIMIT 12,12   [ RunTime:0.0005s ]

[ 2015-09-06T11:56:21+08:00 ] ::1 /stuface/index.php?m=&c=Index&a=get_pic
INFO: [ app_init ] --START--
INFO: Run Behavior\BuildLiteBehavior [ RunTime:0.000048s ]
INFO: [ app_init ] --END-- [ RunTime:0.003030s ]
INFO: [ app_begin ] --START--
INFO: Run Behavior\ReadHtmlCacheBehavior [ RunTime:0.000802s ]
INFO: [ app_begin ] --END-- [ RunTime:0.001006s ]
SQL: SHOW COLUMNS FROM `tbl_image` [ RunTime:0.0058s ]
SQL: SHOW COLUMNS FROM `tbl_image` [ RunTime:0.0035s ]
SQL: SELECT * FROM `tbl_image` WHERE `is_pass` = 1 LIMIT 12,12   [ RunTime:0.0012s ]

[ 2015-09-06T11:56:21+08:00 ] ::1 /stuface/index.php?m=&c=Index&a=get_pic
INFO: [ app_init ] --START--
INFO: Run Behavior\BuildLiteBehavior [ RunTime:0.000040s ]
INFO: [ app_init ] --END-- [ RunTime:0.000649s ]
INFO: [ app_begin ] --START--
INFO: Run Behavior\ReadHtmlCacheBehavior [ RunTime:0.000939s ]
INFO: [ app_begin ] --END-- [ RunTime:0.001103s ]
SQL: SHOW COLUMNS FROM `tbl_image` [ RunTime:0.0033s ]
SQL: SHOW COLUMNS FROM `tbl_image` [ RunTime:0.0040s ]
SQL: SELECT * FROM `tbl_image` WHERE `is_pass` = 1 LIMIT 12,12   [ RunTime:0.0006s ]

[ 2015-09-06T11:56:26+08:00 ] ::1 /stuface/index.php?m=&c=Index&a=get_pic&search=4
INFO: [ app_init ] --START--
INFO: Run Behavior\BuildLiteBehavior [ RunTime:0.000022s ]
INFO: [ app_init ] --END-- [ RunTime:0.000478s ]
INFO: [ app_begin ] --START--
INFO: Run Behavior\ReadHtmlCacheBehavior [ RunTime:0.000514s ]
INFO: [ app_begin ] --END-- [ RunTime:0.000603s ]
SQL: SHOW COLUMNS FROM `tbl_image` [ RunTime:0.0027s ]
SQL: SHOW COLUMNS FROM `tbl_image` [ RunTime:0.0024s ]
SQL: SELECT * FROM `tbl_image` WHERE `id` = 4 AND `is_pass` = 1 LIMIT 0,12   [ RunTime:0.0585s ]

[ 2015-09-06T11:56:26+08:00 ] ::1 /stuface/index.php?m=&c=Index&a=get_page&fetchpage=1
INFO: [ app_init ] --START--
INFO: Run Behavior\BuildLiteBehavior [ RunTime:0.000028s ]
INFO: [ app_init ] --END-- [ RunTime:0.000563s ]
INFO: [ app_begin ] --START--
INFO: Run Behavior\ReadHtmlCacheBehavior [ RunTime:0.000476s ]
INFO: [ app_begin ] --END-- [ RunTime:0.000567s ]
SQL: SHOW COLUMNS FROM `tbl_image` [ RunTime:0.0024s ]
SQL: SHOW COLUMNS FROM `tbl_image` [ RunTime:0.0025s ]
SQL: SELECT COUNT(id) AS tp_count FROM `tbl_image` WHERE `is_pass` = 1 LIMIT 1   [ RunTime:0.0003s ]

[ 2015-09-06T11:56:26+08:00 ] ::1 /stuface/index.php?m=&c=Index&a=get_pic
INFO: [ app_init ] --START--
INFO: Run Behavior\BuildLiteBehavior [ RunTime:0.000026s ]
INFO: [ app_init ] --END-- [ RunTime:0.000406s ]
INFO: [ app_begin ] --START--
INFO: Run Behavior\ReadHtmlCacheBehavior [ RunTime:0.001275s ]
INFO: [ app_begin ] --END-- [ RunTime:0.001410s ]
SQL: SHOW COLUMNS FROM `tbl_image` [ RunTime:0.0058s ]
SQL: SHOW COLUMNS FROM `tbl_image` [ RunTime:0.0028s ]
SQL: SELECT * FROM `tbl_image` WHERE `is_pass` = 1 LIMIT 0,12   [ RunTime:0.0003s ]

[ 2015-09-06T11:56:29+08:00 ] ::1 /stuface/index.php?m=&c=Index&a=get_pic&search=2
INFO: [ app_init ] --START--
INFO: Run Behavior\BuildLiteBehavior [ RunTime:0.000024s ]
INFO: [ app_init ] --END-- [ RunTime:0.000476s ]
INFO: [ app_begin ] --START--
INFO: Run Behavior\ReadHtmlCacheBehavior [ RunTime:0.000468s ]
INFO: [ app_begin ] --END-- [ RunTime:0.000557s ]
SQL: SHOW COLUMNS FROM `tbl_image` [ RunTime:0.0024s ]
SQL: SHOW COLUMNS FROM `tbl_image` [ RunTime:0.0027s ]
SQL: SELECT * FROM `tbl_image` WHERE `id` = 2 AND `is_pass` = 1 LIMIT 0,12   [ RunTime:0.0003s ]

[ 2015-09-06T11:56:29+08:00 ] ::1 /stuface/index.php?m=&c=Index&a=get_page&fetchpage=1
INFO: [ app_init ] --START--
INFO: Run Behavior\BuildLiteBehavior [ RunTime:0.000024s ]
INFO: [ app_init ] --END-- [ RunTime:0.000479s ]
INFO: [ app_begin ] --START--
INFO: Run Behavior\ReadHtmlCacheBehavior [ RunTime:0.000556s ]
INFO: [ app_begin ] --END-- [ RunTime:0.000647s ]
SQL: SHOW COLUMNS FROM `tbl_image` [ RunTime:0.0029s ]
SQL: SHOW COLUMNS FROM `tbl_image` [ RunTime:0.0024s ]
SQL: SELECT COUNT(id) AS tp_count FROM `tbl_image` WHERE `is_pass` = 1 LIMIT 1   [ RunTime:0.0003s ]

[ 2015-09-06T11:56:29+08:00 ] ::1 /stuface/index.php?m=&c=Index&a=get_pic
INFO: [ app_init ] --START--
INFO: Run Behavior\BuildLiteBehavior [ RunTime:0.000024s ]
INFO: [ app_init ] --END-- [ RunTime:0.000462s ]
INFO: [ app_begin ] --START--
INFO: Run Behavior\ReadHtmlCacheBehavior [ RunTime:0.000591s ]
INFO: [ app_begin ] --END-- [ RunTime:0.000674s ]
SQL: SHOW COLUMNS FROM `tbl_image` [ RunTime:0.0028s ]
SQL: SHOW COLUMNS FROM `tbl_image` [ RunTime:0.0022s ]
SQL: SELECT * FROM `tbl_image` WHERE `is_pass` = 1 LIMIT 0,12   [ RunTime:0.0003s ]

[ 2015-09-06T11:56:34+08:00 ] ::1 /stuface/index.php?m=&c=Index&a=get_pic&limit=%E7%BB%BC%E5%90%88
INFO: [ app_init ] --START--
INFO: Run Behavior\BuildLiteBehavior [ RunTime:0.000025s ]
INFO: [ app_init ] --END-- [ RunTime:0.000484s ]
INFO: [ app_begin ] --START--
INFO: Run Behavior\ReadHtmlCacheBehavior [ RunTime:0.000569s ]
INFO: [ app_begin ] --END-- [ RunTime:0.000679s ]
SQL: SHOW COLUMNS FROM `tbl_image` [ RunTime:0.0024s ]
SQL: SHOW COLUMNS FROM `tbl_image` [ RunTime:0.0024s ]
SQL: SELECT * FROM `tbl_image` WHERE `is_pass` = 1 LIMIT 0,12   [ RunTime:0.0004s ]

[ 2015-09-06T11:56:34+08:00 ] ::1 /stuface/index.php?m=&c=Index&a=get_page&fetchpage=1
INFO: [ app_init ] --START--
INFO: Run Behavior\BuildLiteBehavior [ RunTime:0.000025s ]
INFO: [ app_init ] --END-- [ RunTime:0.000478s ]
INFO: [ app_begin ] --START--
INFO: Run Behavior\ReadHtmlCacheBehavior [ RunTime:0.000564s ]
INFO: [ app_begin ] --END-- [ RunTime:0.000655s ]
SQL: SHOW COLUMNS FROM `tbl_image` [ RunTime:0.0025s ]
SQL: SHOW COLUMNS FROM `tbl_image` [ RunTime:0.0024s ]
SQL: SELECT COUNT(id) AS tp_count FROM `tbl_image` WHERE `is_pass` = 1 LIMIT 1   [ RunTime:0.0003s ]

[ 2015-09-06T11:56:34+08:00 ] ::1 /stuface/index.php?m=&c=Index&a=get_pic
INFO: [ app_init ] --START--
INFO: Run Behavior\BuildLiteBehavior [ RunTime:0.000045s ]
INFO: [ app_init ] --END-- [ RunTime:0.001021s ]
INFO: [ app_begin ] --START--
INFO: Run Behavior\ReadHtmlCacheBehavior [ RunTime:0.004182s ]
INFO: [ app_begin ] --END-- [ RunTime:0.004398s ]
SQL: SHOW COLUMNS FROM `tbl_image` [ RunTime:0.0023s ]
SQL: SHOW COLUMNS FROM `tbl_image` [ RunTime:0.0022s ]
SQL: SELECT * FROM `tbl_image` WHERE `is_pass` = 1 LIMIT 0,12   [ RunTime:0.0003s ]

[ 2015-09-06T11:56:35+08:00 ] ::1 /stuface/index.php?m=&c=Index&a=get_pic&sex=%E5%85%A8%E9%83%A8
INFO: [ app_init ] --START--
INFO: Run Behavior\BuildLiteBehavior [ RunTime:0.000068s ]
INFO: [ app_init ] --END-- [ RunTime:0.001270s ]
INFO: [ app_begin ] --START--
INFO: Run Behavior\ReadHtmlCacheBehavior [ RunTime:0.000551s ]
INFO: [ app_begin ] --END-- [ RunTime:0.000679s ]
SQL: SHOW COLUMNS FROM `tbl_image` [ RunTime:0.0031s ]
SQL: SHOW COLUMNS FROM `tbl_image` [ RunTime:0.0026s ]
SQL: SELECT * FROM `tbl_image` WHERE `is_pass` = 1 LIMIT 0,12   [ RunTime:0.0015s ]

[ 2015-09-06T11:56:35+08:00 ] ::1 /stuface/index.php?m=&c=Index&a=get_page&fetchpage=1
INFO: [ app_init ] --START--
INFO: Run Behavior\BuildLiteBehavior [ RunTime:0.000024s ]
INFO: [ app_init ] --END-- [ RunTime:0.000393s ]
INFO: [ app_begin ] --START--
INFO: Run Behavior\ReadHtmlCacheBehavior [ RunTime:0.000449s ]
INFO: [ app_begin ] --END-- [ RunTime:0.000541s ]
SQL: SHOW COLUMNS FROM `tbl_image` [ RunTime:0.0023s ]
SQL: SHOW COLUMNS FROM `tbl_image` [ RunTime:0.0022s ]
SQL: SELECT COUNT(id) AS tp_count FROM `tbl_image` WHERE `is_pass` = 1 LIMIT 1   [ RunTime:0.0002s ]

[ 2015-09-06T11:56:35+08:00 ] ::1 /stuface/index.php?m=&c=Index&a=get_pic
INFO: [ app_init ] --START--
INFO: Run Behavior\BuildLiteBehavior [ RunTime:0.000037s ]
INFO: [ app_init ] --END-- [ RunTime:0.000471s ]
INFO: [ app_begin ] --START--
INFO: Run Behavior\ReadHtmlCacheBehavior [ RunTime:0.000623s ]
INFO: [ app_begin ] --END-- [ RunTime:0.000796s ]
SQL: SHOW COLUMNS FROM `tbl_image` [ RunTime:0.0084s ]
SQL: SHOW COLUMNS FROM `tbl_image` [ RunTime:0.0024s ]
SQL: SELECT * FROM `tbl_image` WHERE `is_pass` = 1 LIMIT 0,12   [ RunTime:0.0003s ]

[ 2015-09-06T11:56:41+08:00 ] ::1 /stuface/index.php?m=&c=Index&a=get_pic
INFO: [ app_init ] --START--
INFO: Run Behavior\BuildLiteBehavior [ RunTime:0.000045s ]
INFO: [ app_init ] --END-- [ RunTime:0.000813s ]
INFO: [ app_begin ] --START--
INFO: Run Behavior\ReadHtmlCacheBehavior [ RunTime:0.000957s ]
INFO: [ app_begin ] --END-- [ RunTime:0.001154s ]
SQL: SHOW COLUMNS FROM `tbl_image` [ RunTime:0.0031s ]
SQL: SHOW COLUMNS FROM `tbl_image` [ RunTime:0.0031s ]
SQL: SELECT * FROM `tbl_image` WHERE `is_pass` = 1 LIMIT 12,12   [ RunTime:0.0004s ]

[ 2015-09-06T11:56:41+08:00 ] ::1 /stuface/index.php?m=&c=Index&a=get_pic
INFO: [ app_init ] --START--
INFO: Run Behavior\BuildLiteBehavior [ RunTime:0.000039s ]
INFO: [ app_init ] --END-- [ RunTime:0.000580s ]
INFO: [ app_begin ] --START--
INFO: Run Behavior\ReadHtmlCacheBehavior [ RunTime:0.000749s ]
INFO: [ app_begin ] --END-- [ RunTime:0.000932s ]
SQL: SHOW COLUMNS FROM `tbl_image` [ RunTime:0.0032s ]
SQL: SHOW COLUMNS FROM `tbl_image` [ RunTime:0.0030s ]
SQL: SELECT * FROM `tbl_image` WHERE `is_pass` = 1 LIMIT 12,12   [ RunTime:0.0004s ]

[ 2015-09-06T11:56:41+08:00 ] ::1 /stuface/index.php?m=&c=Index&a=get_pic
INFO: [ app_init ] --START--
INFO: Run Behavior\BuildLiteBehavior [ RunTime:0.000131s ]
INFO: [ app_init ] --END-- [ RunTime:0.001904s ]
INFO: [ app_begin ] --START--
INFO: Run Behavior\ReadHtmlCacheBehavior [ RunTime:0.000928s ]
INFO: [ app_begin ] --END-- [ RunTime:0.001085s ]
SQL: SHOW COLUMNS FROM `tbl_image` [ RunTime:0.0045s ]
SQL: SHOW COLUMNS FROM `tbl_image` [ RunTime:0.0022s ]
SQL: SELECT * FROM `tbl_image` WHERE `is_pass` = 1 LIMIT 12,12   [ RunTime:0.0003s ]

[ 2015-09-06T11:56:41+08:00 ] ::1 /stuface/index.php?m=&c=Index&a=get_pic
INFO: [ app_init ] --START--
INFO: Run Behavior\BuildLiteBehavior [ RunTime:0.000041s ]
INFO: [ app_init ] --END-- [ RunTime:0.000636s ]
INFO: [ app_begin ] --START--
INFO: Run Behavior\ReadHtmlCacheBehavior [ RunTime:0.000727s ]
INFO: [ app_begin ] --END-- [ RunTime:0.000886s ]
SQL: SHOW COLUMNS FROM `tbl_image` [ RunTime:0.0043s ]
SQL: SHOW COLUMNS FROM `tbl_image` [ RunTime:0.0022s ]
SQL: SELECT * FROM `tbl_image` WHERE `is_pass` = 1 LIMIT 12,12   [ RunTime:0.0003s ]

[ 2015-09-06T11:56:41+08:00 ] ::1 /stuface/index.php?m=&c=Index&a=get_pic
INFO: [ app_init ] --START--
INFO: Run Behavior\BuildLiteBehavior [ RunTime:0.000039s ]
INFO: [ app_init ] --END-- [ RunTime:0.001649s ]
INFO: [ app_begin ] --START--
INFO: Run Behavior\ReadHtmlCacheBehavior [ RunTime:0.000928s ]
INFO: [ app_begin ] --END-- [ RunTime:0.001197s ]
SQL: SHOW COLUMNS FROM `tbl_image` [ RunTime:0.0059s ]
SQL: SHOW COLUMNS FROM `tbl_image` [ RunTime:0.0078s ]
SQL: SELECT * FROM `tbl_image` WHERE `is_pass` = 1 LIMIT 12,12   [ RunTime:0.0006s ]

[ 2015-09-06T11:56:41+08:00 ] ::1 /stuface/index.php?m=&c=Index&a=get_pic
INFO: [ app_init ] --START--
INFO: Run Behavior\BuildLiteBehavior [ RunTime:0.000042s ]
INFO: [ app_init ] --END-- [ RunTime:0.001058s ]
INFO: [ app_begin ] --START--
INFO: Run Behavior\ReadHtmlCacheBehavior [ RunTime:0.000706s ]
INFO: [ app_begin ] --END-- [ RunTime:0.000877s ]
SQL: SHOW COLUMNS FROM `tbl_image` [ RunTime:0.0042s ]
SQL: SHOW COLUMNS FROM `tbl_image` [ RunTime:0.0034s ]
SQL: SELECT * FROM `tbl_image` WHERE `is_pass` = 1 LIMIT 12,12   [ RunTime:0.0003s ]

[ 2015-09-06T11:56:41+08:00 ] ::1 /stuface/index.php?m=&c=Index&a=get_pic
INFO: [ app_init ] --START--
INFO: Run Behavior\BuildLiteBehavior [ RunTime:0.000039s ]
INFO: [ app_init ] --END-- [ RunTime:0.000573s ]
INFO: [ app_begin ] --START--
INFO: Run Behavior\ReadHtmlCacheBehavior [ RunTime:0.000792s ]
INFO: [ app_begin ] --END-- [ RunTime:0.000959s ]
SQL: SHOW COLUMNS FROM `tbl_image` [ RunTime:0.0042s ]
SQL: SHOW COLUMNS FROM `tbl_image` [ RunTime:0.0100s ]
SQL: SELECT * FROM `tbl_image` WHERE `is_pass` = 1 LIMIT 12,12   [ RunTime:0.0010s ]

[ 2015-09-06T11:56:41+08:00 ] ::1 /stuface/index.php?m=&c=Index&a=get_pic
INFO: [ app_init ] --START--
INFO: Run Behavior\BuildLiteBehavior [ RunTime:0.000041s ]
INFO: [ app_init ] --END-- [ RunTime:0.002017s ]
INFO: [ app_begin ] --START--
INFO: Run Behavior\ReadHtmlCacheBehavior [ RunTime:0.000700s ]
INFO: [ app_begin ] --END-- [ RunTime:0.000858s ]
SQL: SHOW COLUMNS FROM `tbl_image` [ RunTime:0.0023s ]
SQL: SHOW COLUMNS FROM `tbl_image` [ RunTime:0.0021s ]
SQL: SELECT * FROM `tbl_image` WHERE `is_pass` = 1 LIMIT 12,12   [ RunTime:0.0004s ]

[ 2015-09-06T11:56:41+08:00 ] ::1 /stuface/index.php?m=&c=Index&a=get_pic
INFO: [ app_init ] --START--
INFO: Run Behavior\BuildLiteBehavior [ RunTime:0.000040s ]
INFO: [ app_init ] --END-- [ RunTime:0.000592s ]
INFO: [ app_begin ] --START--
INFO: Run Behavior\ReadHtmlCacheBehavior [ RunTime:0.001110s ]
INFO: [ app_begin ] --END-- [ RunTime:0.001272s ]
SQL: SHOW COLUMNS FROM `tbl_image` [ RunTime:0.0048s ]
SQL: SHOW COLUMNS FROM `tbl_image` [ RunTime:0.0024s ]
SQL: SELECT * FROM `tbl_image` WHERE `is_pass` = 1 LIMIT 12,12   [ RunTime:0.0003s ]

[ 2015-09-06T11:56:41+08:00 ] ::1 /stuface/index.php?m=&c=Index&a=get_pic
INFO: [ app_init ] --START--
INFO: Run Behavior\BuildLiteBehavior [ RunTime:0.000033s ]
INFO: [ app_init ] --END-- [ RunTime:0.001170s ]
INFO: [ app_begin ] --START--
INFO: Run Behavior\ReadHtmlCacheBehavior [ RunTime:0.000578s ]
INFO: [ app_begin ] --END-- [ RunTime:0.000679s ]
SQL: SHOW COLUMNS FROM `tbl_image` [ RunTime:0.0024s ]
SQL: SHOW COLUMNS FROM `tbl_image` [ RunTime:0.0023s ]
SQL: SELECT * FROM `tbl_image` WHERE `is_pass` = 1 LIMIT 12,12   [ RunTime:0.0004s ]

[ 2015-09-06T11:56:41+08:00 ] ::1 /stuface/index.php?m=&c=Index&a=get_pic
INFO: [ app_init ] --START--
INFO: Run Behavior\BuildLiteBehavior [ RunTime:0.000042s ]
INFO: [ app_init ] --END-- [ RunTime:0.000566s ]
INFO: [ app_begin ] --START--
INFO: Run Behavior\ReadHtmlCacheBehavior [ RunTime:0.000666s ]
INFO: [ app_begin ] --END-- [ RunTime:0.000794s ]
SQL: SHOW COLUMNS FROM `tbl_image` [ RunTime:0.0075s ]
SQL: SHOW COLUMNS FROM `tbl_image` [ RunTime:0.0090s ]
SQL: SELECT * FROM `tbl_image` WHERE `is_pass` = 1 LIMIT 12,12   [ RunTime:0.0007s ]

[ 2015-09-06T11:56:41+08:00 ] ::1 /stuface/index.php?m=&c=Index&a=get_pic
INFO: [ app_init ] --START--
INFO: Run Behavior\BuildLiteBehavior [ RunTime:0.000043s ]
INFO: [ app_init ] --END-- [ RunTime:0.000687s ]
INFO: [ app_begin ] --START--
INFO: Run Behavior\ReadHtmlCacheBehavior [ RunTime:0.000486s ]
INFO: [ app_begin ] --END-- [ RunTime:0.000591s ]
SQL: SHOW COLUMNS FROM `tbl_image` [ RunTime:0.0041s ]
SQL: SHOW COLUMNS FROM `tbl_image` [ RunTime:0.0056s ]
SQL: SELECT * FROM `tbl_image` WHERE `is_pass` = 1 LIMIT 12,12   [ RunTime:0.0008s ]

[ 2015-09-06T11:56:43+08:00 ] ::1 /stuface/index.php?m=&c=Index&a=get_pic
INFO: [ app_init ] --START--
INFO: Run Behavior\BuildLiteBehavior [ RunTime:0.000039s ]
INFO: [ app_init ] --END-- [ RunTime:0.000587s ]
INFO: [ app_begin ] --START--
INFO: Run Behavior\ReadHtmlCacheBehavior [ RunTime:0.000673s ]
INFO: [ app_begin ] --END-- [ RunTime:0.000823s ]
SQL: SHOW COLUMNS FROM `tbl_image` [ RunTime:0.0031s ]
SQL: SHOW COLUMNS FROM `tbl_image` [ RunTime:0.0037s ]
SQL: SELECT * FROM `tbl_image` WHERE `is_pass` = 1 LIMIT 24,12   [ RunTime:0.0004s ]

[ 2015-09-06T11:56:43+08:00 ] ::1 /stuface/index.php?m=&c=Index&a=get_pic
INFO: [ app_init ] --START--
INFO: Run Behavior\BuildLiteBehavior [ RunTime:0.000039s ]
INFO: [ app_init ] --END-- [ RunTime:0.000663s ]
INFO: [ app_begin ] --START--
INFO: Run Behavior\ReadHtmlCacheBehavior [ RunTime:0.000707s ]
INFO: [ app_begin ] --END-- [ RunTime:0.000856s ]
SQL: SHOW COLUMNS FROM `tbl_image` [ RunTime:0.0033s ]
SQL: SHOW COLUMNS FROM `tbl_image` [ RunTime:0.0035s ]
SQL: SELECT * FROM `tbl_image` WHERE `is_pass` = 1 LIMIT 24,12   [ RunTime:0.0004s ]

[ 2015-09-06T11:56:43+08:00 ] ::1 /stuface/index.php?m=&c=Index&a=get_pic
INFO: [ app_init ] --START--
INFO: Run Behavior\BuildLiteBehavior [ RunTime:0.000039s ]
INFO: [ app_init ] --END-- [ RunTime:0.000584s ]
INFO: [ app_begin ] --START--
INFO: Run Behavior\ReadHtmlCacheBehavior [ RunTime:0.000728s ]
INFO: [ app_begin ] --END-- [ RunTime:0.000885s ]
SQL: SHOW COLUMNS FROM `tbl_image` [ RunTime:0.0051s ]
SQL: SHOW COLUMNS FROM `tbl_image` [ RunTime:0.0029s ]
SQL: SELECT * FROM `tbl_image` WHERE `is_pass` = 1 LIMIT 24,12   [ RunTime:0.0004s ]

[ 2015-09-06T11:56:43+08:00 ] ::1 /stuface/index.php?m=&c=Index&a=get_pic
INFO: [ app_init ] --START--
INFO: Run Behavior\BuildLiteBehavior [ RunTime:0.000054s ]
INFO: [ app_init ] --END-- [ RunTime:0.000637s ]
INFO: [ app_begin ] --START--
INFO: Run Behavior\ReadHtmlCacheBehavior [ RunTime:0.000764s ]
INFO: [ app_begin ] --END-- [ RunTime:0.000943s ]
SQL: SHOW COLUMNS FROM `tbl_image` [ RunTime:0.0583s ]
SQL: SHOW COLUMNS FROM `tbl_image` [ RunTime:0.0034s ]
SQL: SELECT * FROM `tbl_image` WHERE `is_pass` = 1 LIMIT 24,12   [ RunTime:0.0007s ]

[ 2015-09-06T11:56:43+08:00 ] ::1 /stuface/index.php?m=&c=Index&a=get_pic
INFO: [ app_init ] --START--
INFO: Run Behavior\BuildLiteBehavior [ RunTime:0.000040s ]
INFO: [ app_init ] --END-- [ RunTime:0.000589s ]
INFO: [ app_begin ] --START--
INFO: Run Behavior\ReadHtmlCacheBehavior [ RunTime:0.001026s ]
INFO: [ app_begin ] --END-- [ RunTime:0.001313s ]
SQL: SHOW COLUMNS FROM `tbl_image` [ RunTime:0.0024s ]
SQL: SHOW COLUMNS FROM `tbl_image` [ RunTime:0.0025s ]
SQL: SELECT * FROM `tbl_image` WHERE `is_pass` = 1 LIMIT 24,12   [ RunTime:0.0003s ]

[ 2015-09-06T11:56:43+08:00 ] ::1 /stuface/index.php?m=&c=Index&a=get_pic
INFO: [ app_init ] --START--
INFO: Run Behavior\BuildLiteBehavior [ RunTime:0.000044s ]
INFO: [ app_init ] --END-- [ RunTime:0.000655s ]
INFO: [ app_begin ] --START--
INFO: Run Behavior\ReadHtmlCacheBehavior [ RunTime:0.001106s ]
INFO: [ app_begin ] --END-- [ RunTime:0.001273s ]
SQL: SHOW COLUMNS FROM `tbl_image` [ RunTime:0.0052s ]
SQL: SHOW COLUMNS FROM `tbl_image` [ RunTime:0.0043s ]
SQL: SELECT * FROM `tbl_image` WHERE `is_pass` = 1 LIMIT 24,12   [ RunTime:0.0003s ]

[ 2015-09-06T11:56:43+08:00 ] ::1 /stuface/index.php?m=&c=Index&a=get_pic
INFO: [ app_init ] --START--
INFO: Run Behavior\BuildLiteBehavior [ RunTime:0.000040s ]
INFO: [ app_init ] --END-- [ RunTime:0.000590s ]
INFO: [ app_begin ] --START--
INFO: Run Behavior\ReadHtmlCacheBehavior [ RunTime:0.000805s ]
INFO: [ app_begin ] --END-- [ RunTime:0.000968s ]
SQL: SHOW COLUMNS FROM `tbl_image` [ RunTime:0.0072s ]
SQL: SHOW COLUMNS FROM `tbl_image` [ RunTime:0.0024s ]
SQL: SELECT * FROM `tbl_image` WHERE `is_pass` = 1 LIMIT 24,12   [ RunTime:0.0003s ]

[ 2015-09-06T11:56:43+08:00 ] ::1 /stuface/index.php?m=&c=Index&a=get_pic
INFO: [ app_init ] --START--
INFO: Run Behavior\BuildLiteBehavior [ RunTime:0.000041s ]
INFO: [ app_init ] --END-- [ RunTime:0.000617s ]
INFO: [ app_begin ] --START--
INFO: Run Behavior\ReadHtmlCacheBehavior [ RunTime:0.000787s ]
INFO: [ app_begin ] --END-- [ RunTime:0.000946s ]
SQL: SHOW COLUMNS FROM `tbl_image` [ RunTime:0.0087s ]
SQL: SHOW COLUMNS FROM `tbl_image` [ RunTime:0.0024s ]
SQL: SELECT * FROM `tbl_image` WHERE `is_pass` = 1 LIMIT 24,12   [ RunTime:0.0003s ]

[ 2015-09-06T11:56:44+08:00 ] ::1 /stuface/index.php?m=&c=Index&a=get_pic
INFO: [ app_init ] --START--
INFO: Run Behavior\BuildLiteBehavior [ RunTime:0.000044s ]
INFO: [ app_init ] --END-- [ RunTime:0.000747s ]
INFO: [ app_begin ] --START--
INFO: Run Behavior\ReadHtmlCacheBehavior [ RunTime:0.001093s ]
INFO: [ app_begin ] --END-- [ RunTime:0.001316s ]
SQL: SHOW COLUMNS FROM `tbl_image` [ RunTime:0.0041s ]
SQL: SHOW COLUMNS FROM `tbl_image` [ RunTime:0.0084s ]
SQL: SELECT * FROM `tbl_image` WHERE `is_pass` = 1 LIMIT 24,12   [ RunTime:0.0003s ]

[ 2015-09-06T11:56:44+08:00 ] ::1 /stuface/index.php?m=&c=Index&a=get_pic
INFO: [ app_init ] --START--
INFO: Run Behavior\BuildLiteBehavior [ RunTime:0.000027s ]
INFO: [ app_init ] --END-- [ RunTime:0.000476s ]
INFO: [ app_begin ] --START--
INFO: Run Behavior\ReadHtmlCacheBehavior [ RunTime:0.000540s ]
INFO: [ app_begin ] --END-- [ RunTime:0.000650s ]
SQL: SHOW COLUMNS FROM `tbl_image` [ RunTime:0.0026s ]
SQL: SHOW COLUMNS FROM `tbl_image` [ RunTime:0.0042s ]
SQL: SELECT * FROM `tbl_image` WHERE `is_pass` = 1 LIMIT 24,12   [ RunTime:0.0003s ]

[ 2015-09-06T11:56:44+08:00 ] ::1 /stuface/index.php?m=&c=Index&a=get_pic
INFO: [ app_init ] --START--
INFO: Run Behavior\BuildLiteBehavior [ RunTime:0.000027s ]
INFO: [ app_init ] --END-- [ RunTime:0.000480s ]
INFO: [ app_begin ] --START--
INFO: Run Behavior\ReadHtmlCacheBehavior [ RunTime:0.001243s ]
INFO: [ app_begin ] --END-- [ RunTime:0.001512s ]
SQL: SHOW COLUMNS FROM `tbl_image` [ RunTime:0.0045s ]
SQL: SHOW COLUMNS FROM `tbl_image` [ RunTime:0.0051s ]
SQL: SELECT * FROM `tbl_image` WHERE `is_pass` = 1 LIMIT 24,12   [ RunTime:0.0009s ]

[ 2015-09-06T11:56:44+08:00 ] ::1 /stuface/index.php?m=&c=Index&a=get_pic
INFO: [ app_init ] --START--
INFO: Run Behavior\BuildLiteBehavior [ RunTime:0.000026s ]
INFO: [ app_init ] --END-- [ RunTime:0.000489s ]
INFO: [ app_begin ] --START--
INFO: Run Behavior\ReadHtmlCacheBehavior [ RunTime:0.000554s ]
INFO: [ app_begin ] --END-- [ RunTime:0.000650s ]
SQL: SHOW COLUMNS FROM `tbl_image` [ RunTime:0.0061s ]
SQL: SHOW COLUMNS FROM `tbl_image` [ RunTime:0.0040s ]
SQL: SELECT * FROM `tbl_image` WHERE `is_pass` = 1 LIMIT 24,12   [ RunTime:0.0005s ]

